ARM GAS  /tmp/cckGkCTC.s 			page 1


   1              		.cpu cortex-m4
   2              		.arch armv7e-m
   3              		.fpu fpv4-sp-d16
   4              		.eabi_attribute 27, 1
   5              		.eabi_attribute 28, 1
   6              		.eabi_attribute 20, 1
   7              		.eabi_attribute 21, 1
   8              		.eabi_attribute 23, 3
   9              		.eabi_attribute 24, 1
  10              		.eabi_attribute 25, 1
  11              		.eabi_attribute 26, 1
  12              		.eabi_attribute 30, 1
  13              		.eabi_attribute 34, 1
  14              		.eabi_attribute 18, 4
  15              		.file	"cylGovernor.cpp"
  16              		.text
  17              	.Ltext0:
  18              		.cfi_sections	.debug_frame
  19              		.file 1 "Application/cylGovernor.cpp"
  20              		.section	.text._Z41__static_initialization_and_destruction_0v,"ax",%progbits
  21              		.align	1
  22              		.syntax unified
  23              		.thumb
  24              		.thumb_func
  26              	_Z41__static_initialization_and_destruction_0v:
  27              		.fnstart
  28              	.LFB2663:
   1:Application/cylGovernor.cpp **** #include "cylGovernor.h"
   2:Application/cylGovernor.cpp ****     //const uint16_t arr_val = 60000;
   3:Application/cylGovernor.cpp **** 
   4:Application/cylGovernor.cpp ****     //cylArr6 cylinders;
   5:Application/cylGovernor.cpp **** 
   6:Application/cylGovernor.cpp **** 
   7:Application/cylGovernor.cpp **** 
   8:Application/cylGovernor.cpp **** CylGov::CylGov() {
   9:Application/cylGovernor.cpp ****     init();
  10:Application/cylGovernor.cpp **** }
  11:Application/cylGovernor.cpp **** 
  12:Application/cylGovernor.cpp **** CylGov::CylGov(pccrArr6 pccrs, portArr6 dirPorts, pinArr6 dirPins) {
  13:Application/cylGovernor.cpp ****     init(pccrs, dirPorts, dirPins);
  14:Application/cylGovernor.cpp **** }
  15:Application/cylGovernor.cpp **** 
  16:Application/cylGovernor.cpp **** void CylGov::init() {
  17:Application/cylGovernor.cpp ****     pccrArr6 pccrs;
  18:Application/cylGovernor.cpp ****     portArr6 dirPorts;
  19:Application/cylGovernor.cpp ****     pinArr6 dirPins;
  20:Application/cylGovernor.cpp **** 
  21:Application/cylGovernor.cpp ****     pccrs = pccr_defs;
  22:Application/cylGovernor.cpp ****     dirPorts = direction_ports;
  23:Application/cylGovernor.cpp ****     dirPins = direction_pins;
  24:Application/cylGovernor.cpp **** 
  25:Application/cylGovernor.cpp ****     init(pccrs, dirPorts, dirPins);
  26:Application/cylGovernor.cpp **** }
  27:Application/cylGovernor.cpp **** 
  28:Application/cylGovernor.cpp **** void CylGov::init(pccrArr6 pccrs, portArr6 dirPorts, pinArr6 dirPins) {
  29:Application/cylGovernor.cpp ****     for (int i = 0; i < NO_CYLS; i++) {
  30:Application/cylGovernor.cpp ****         cylinders[i] = new CylCtrlInterf(*pccrs[i],dirPorts[i],dirPins[i]);
ARM GAS  /tmp/cckGkCTC.s 			page 2


  31:Application/cylGovernor.cpp ****     }
  32:Application/cylGovernor.cpp **** }
  33:Application/cylGovernor.cpp **** 
  34:Application/cylGovernor.cpp **** fArr6 CylGov::getDutyCycles() {
  35:Application/cylGovernor.cpp ****     fArr6 output;
  36:Application/cylGovernor.cpp ****     for (int i = 0; i < NO_CYLS; i++) {
  37:Application/cylGovernor.cpp ****         output[i] = cylinders[i]->getDutyCycle();
  38:Application/cylGovernor.cpp ****     }
  39:Application/cylGovernor.cpp ****     return output;
  40:Application/cylGovernor.cpp **** }
  41:Application/cylGovernor.cpp **** void CylGov::setDutyCycles(const fArr6 &dutyCycles) {
  42:Application/cylGovernor.cpp ****     for (int i = 0; i < NO_CYLS; i++) {
  43:Application/cylGovernor.cpp ****         cylinders[i]->setDutyCycle(dutyCycles[i]);
  44:Application/cylGovernor.cpp ****     }
  45:Application/cylGovernor.cpp **** }
  29              		.loc 1 45 1 view -0
  30              		.cfi_startproc
  31              		@ args = 0, pretend = 0, frame = 0
  32              		@ frame_needed = 0, uses_anonymous_args = 0
  33 0000 30B5     		push	{r4, r5, lr}
  34              		.cfi_def_cfa_offset 12
  35              		.cfi_offset 4, -12
  36              		.cfi_offset 5, -8
  37              		.cfi_offset 14, -4
  38              	.LVL0:
  39              	.LBB132:
  40              	.LBI132:
  41              		.file 2 "Application/Include/matrixdefs.h"
   1:Application/Include/matrixdefs.h **** 
   2:Application/Include/matrixdefs.h **** #ifndef MATRIX_DEFS_H
   3:Application/Include/matrixdefs.h **** #define MATRIX_DEFS_H
   4:Application/Include/matrixdefs.h **** #include <cstdint>
   5:Application/Include/matrixdefs.h **** #include <array>
   6:Application/Include/matrixdefs.h **** #include <tuple>
   7:Application/Include/matrixdefs.h **** #include <iostream>
   8:Application/Include/matrixdefs.h **** 
   9:Application/Include/matrixdefs.h **** #define NO_CYLS 6 // One output per cylinder representing linear position
  10:Application/Include/matrixdefs.h **** #define NO_DOF 3 // Pitch, Roll, and Yaw; calculated from transformation matrix
  11:Application/Include/matrixdefs.h **** 
  12:Application/Include/matrixdefs.h **** // Describes a trig operation to be performed. ZERO and ONE simply indicate that the function shoul
  13:Application/Include/matrixdefs.h **** // 0 or 1.
  14:Application/Include/matrixdefs.h **** typedef enum trigEnum { NEGSIN=-3, NEGCOS=-2, NEGONE=-1 ,ZERO=0, ONE=1, COS=2, SIN=3 } trigEnum;
  15:Application/Include/matrixdefs.h **** 
  16:Application/Include/matrixdefs.h **** // Implements a union of int and trigEnum, allowing the implicit conversion seen in the rotation fu
  17:Application/Include/matrixdefs.h **** // This is done to make checking the function matricies at a glance a LOT easier.
  18:Application/Include/matrixdefs.h **** typedef struct trigOp {
  19:Application/Include/matrixdefs.h ****     union {
  20:Application/Include/matrixdefs.h ****     int8_t value;
  21:Application/Include/matrixdefs.h ****     trigEnum enumeration;
  22:Application/Include/matrixdefs.h ****     };
  23:Application/Include/matrixdefs.h **** 
  24:Application/Include/matrixdefs.h ****   operator int() const{
  25:Application/Include/matrixdefs.h ****     return value;
  26:Application/Include/matrixdefs.h ****   }
  27:Application/Include/matrixdefs.h **** 
  28:Application/Include/matrixdefs.h ****   operator trigEnum() const{
  29:Application/Include/matrixdefs.h ****     return enumeration;
ARM GAS  /tmp/cckGkCTC.s 			page 3


  30:Application/Include/matrixdefs.h ****   }
  31:Application/Include/matrixdefs.h **** 
  32:Application/Include/matrixdefs.h ****   trigOp& operator=(int i){
  33:Application/Include/matrixdefs.h ****     this->set(i);
  34:Application/Include/matrixdefs.h ****     return *this;
  35:Application/Include/matrixdefs.h ****   }
  36:Application/Include/matrixdefs.h **** 
  37:Application/Include/matrixdefs.h ****   trigOp& operator=(trigEnum e){
  38:Application/Include/matrixdefs.h ****     this->set(e);
  39:Application/Include/matrixdefs.h ****     return *this;
  40:Application/Include/matrixdefs.h ****   }
  41:Application/Include/matrixdefs.h **** 
  42:Application/Include/matrixdefs.h ****   void set(int i){
  43:Application/Include/matrixdefs.h ****     value = i;
  44:Application/Include/matrixdefs.h ****   }
  45:Application/Include/matrixdefs.h ****   void set(trigEnum e){
  46:Application/Include/matrixdefs.h ****     enumeration = e;
  47:Application/Include/matrixdefs.h ****   }
  48:Application/Include/matrixdefs.h **** 
  49:Application/Include/matrixdefs.h ****   trigOp(int i){
  42              		.loc 2 49 3 view .LVU1
  43              	.LBB133:
  44              	.LBB134:
  45              	.LBI134:
  42:Application/Include/matrixdefs.h ****     value = i;
  46              		.loc 2 42 8 view .LVU2
  47              	.LBB135:
  43:Application/Include/matrixdefs.h ****   }
  48              		.loc 2 43 5 view .LVU3
  43:Application/Include/matrixdefs.h ****   }
  49              		.loc 2 43 11 is_stmt 0 view .LVU4
  50 0002 204A     		ldr	r2, .L3
  51 0004 0125     		movs	r5, #1
  52 0006 1570     		strb	r5, [r2]
  53              	.LVL1:
  43:Application/Include/matrixdefs.h ****   }
  54              		.loc 2 43 11 view .LVU5
  55              	.LBE135:
  56              	.LBE134:
  57              	.LBE133:
  58              	.LBE132:
  59              	.LBB136:
  60              	.LBI136:
  61              		.loc 2 49 3 is_stmt 1 view .LVU6
  62              	.LBB137:
  63              	.LBB138:
  64              	.LBI138:
  42:Application/Include/matrixdefs.h ****     value = i;
  65              		.loc 2 42 8 view .LVU7
  66              	.LBB139:
  43:Application/Include/matrixdefs.h ****   }
  67              		.loc 2 43 5 view .LVU8
  43:Application/Include/matrixdefs.h ****   }
  68              		.loc 2 43 11 is_stmt 0 view .LVU9
  69 0008 0021     		movs	r1, #0
  70 000a 5170     		strb	r1, [r2, #1]
  71              	.LVL2:
ARM GAS  /tmp/cckGkCTC.s 			page 4


  43:Application/Include/matrixdefs.h ****   }
  72              		.loc 2 43 11 view .LVU10
  73              	.LBE139:
  74              	.LBE138:
  75              	.LBE137:
  76              	.LBE136:
  77              	.LBB140:
  78              	.LBI140:
  79              		.loc 2 49 3 is_stmt 1 view .LVU11
  80              	.LBB141:
  81              	.LBB142:
  82              	.LBI142:
  42:Application/Include/matrixdefs.h ****     value = i;
  83              		.loc 2 42 8 view .LVU12
  84              	.LBB143:
  43:Application/Include/matrixdefs.h ****   }
  85              		.loc 2 43 5 view .LVU13
  43:Application/Include/matrixdefs.h ****   }
  86              		.loc 2 43 11 is_stmt 0 view .LVU14
  87 000c 9170     		strb	r1, [r2, #2]
  88              	.LVL3:
  43:Application/Include/matrixdefs.h ****   }
  89              		.loc 2 43 11 view .LVU15
  90              	.LBE143:
  91              	.LBE142:
  92              	.LBE141:
  93              	.LBE140:
  94              	.LBB144:
  95              	.LBI144:
  96              		.loc 2 49 3 is_stmt 1 view .LVU16
  97              	.LBB145:
  98              	.LBB146:
  99              	.LBI146:
  42:Application/Include/matrixdefs.h ****     value = i;
 100              		.loc 2 42 8 view .LVU17
 101              	.LBB147:
  43:Application/Include/matrixdefs.h ****   }
 102              		.loc 2 43 5 view .LVU18
  43:Application/Include/matrixdefs.h ****   }
 103              		.loc 2 43 11 is_stmt 0 view .LVU19
 104 000e D170     		strb	r1, [r2, #3]
 105              	.LVL4:
  43:Application/Include/matrixdefs.h ****   }
 106              		.loc 2 43 11 view .LVU20
 107              	.LBE147:
 108              	.LBE146:
 109              	.LBE145:
 110              	.LBE144:
 111              	.LBB148:
 112              	.LBI148:
 113              		.loc 2 49 3 is_stmt 1 view .LVU21
 114              	.LBB149:
 115              	.LBB150:
 116              	.LBI150:
  42:Application/Include/matrixdefs.h ****     value = i;
 117              		.loc 2 42 8 view .LVU22
 118              	.LBB151:
ARM GAS  /tmp/cckGkCTC.s 			page 5


  43:Application/Include/matrixdefs.h ****   }
 119              		.loc 2 43 5 view .LVU23
  43:Application/Include/matrixdefs.h ****   }
 120              		.loc 2 43 11 is_stmt 0 view .LVU24
 121 0010 0220     		movs	r0, #2
 122 0012 1071     		strb	r0, [r2, #4]
 123              	.LVL5:
  43:Application/Include/matrixdefs.h ****   }
 124              		.loc 2 43 11 view .LVU25
 125              	.LBE151:
 126              	.LBE150:
 127              	.LBE149:
 128              	.LBE148:
 129              	.LBB152:
 130              	.LBI152:
 131              		.loc 2 49 3 is_stmt 1 view .LVU26
 132              	.LBB153:
 133              	.LBB154:
 134              	.LBI154:
  42:Application/Include/matrixdefs.h ****     value = i;
 135              		.loc 2 42 8 view .LVU27
 136              	.LBB155:
  43:Application/Include/matrixdefs.h ****   }
 137              		.loc 2 43 5 view .LVU28
  43:Application/Include/matrixdefs.h ****   }
 138              		.loc 2 43 11 is_stmt 0 view .LVU29
 139 0014 4FF0FD0E 		mov	lr, #253
 140 0018 82F805E0 		strb	lr, [r2, #5]
 141              	.LVL6:
  43:Application/Include/matrixdefs.h ****   }
 142              		.loc 2 43 11 view .LVU30
 143              	.LBE155:
 144              	.LBE154:
 145              	.LBE153:
 146              	.LBE152:
 147              	.LBB156:
 148              	.LBI156:
 149              		.loc 2 49 3 is_stmt 1 view .LVU31
 150              	.LBB157:
 151              	.LBB158:
 152              	.LBI158:
  42:Application/Include/matrixdefs.h ****     value = i;
 153              		.loc 2 42 8 view .LVU32
 154              	.LBB159:
  43:Application/Include/matrixdefs.h ****   }
 155              		.loc 2 43 5 view .LVU33
  43:Application/Include/matrixdefs.h ****   }
 156              		.loc 2 43 11 is_stmt 0 view .LVU34
 157 001c 9171     		strb	r1, [r2, #6]
 158              	.LVL7:
  43:Application/Include/matrixdefs.h ****   }
 159              		.loc 2 43 11 view .LVU35
 160              	.LBE159:
 161              	.LBE158:
 162              	.LBE157:
 163              	.LBE156:
 164              	.LBB160:
ARM GAS  /tmp/cckGkCTC.s 			page 6


 165              	.LBI160:
 166              		.loc 2 49 3 is_stmt 1 view .LVU36
 167              	.LBB161:
 168              	.LBB162:
 169              	.LBI162:
  42:Application/Include/matrixdefs.h ****     value = i;
 170              		.loc 2 42 8 view .LVU37
 171              	.LBB163:
  43:Application/Include/matrixdefs.h ****   }
 172              		.loc 2 43 5 view .LVU38
  43:Application/Include/matrixdefs.h ****   }
 173              		.loc 2 43 11 is_stmt 0 view .LVU39
 174 001e 4FF0030C 		mov	ip, #3
 175 0022 82F807C0 		strb	ip, [r2, #7]
 176              	.LVL8:
  43:Application/Include/matrixdefs.h ****   }
 177              		.loc 2 43 11 view .LVU40
 178              	.LBE163:
 179              	.LBE162:
 180              	.LBE161:
 181              	.LBE160:
 182              	.LBB164:
 183              	.LBI164:
 184              		.loc 2 49 3 is_stmt 1 view .LVU41
 185              	.LBB165:
 186              	.LBB166:
 187              	.LBI166:
  42:Application/Include/matrixdefs.h ****     value = i;
 188              		.loc 2 42 8 view .LVU42
 189              	.LBB167:
  43:Application/Include/matrixdefs.h ****   }
 190              		.loc 2 43 5 view .LVU43
  43:Application/Include/matrixdefs.h ****   }
 191              		.loc 2 43 11 is_stmt 0 view .LVU44
 192 0026 1072     		strb	r0, [r2, #8]
 193              	.LVL9:
  43:Application/Include/matrixdefs.h ****   }
 194              		.loc 2 43 11 view .LVU45
 195              	.LBE167:
 196              	.LBE166:
 197              	.LBE165:
 198              	.LBE164:
 199              	.LBB168:
 200              	.LBI168:
 201              		.loc 2 49 3 is_stmt 1 view .LVU46
 202              	.LBB169:
 203              	.LBB170:
 204              	.LBI170:
  42:Application/Include/matrixdefs.h ****     value = i;
 205              		.loc 2 42 8 view .LVU47
 206              	.LBB171:
  43:Application/Include/matrixdefs.h ****   }
 207              		.loc 2 43 5 view .LVU48
  43:Application/Include/matrixdefs.h ****   }
 208              		.loc 2 43 11 is_stmt 0 view .LVU49
 209 0028 174C     		ldr	r4, .L3+4
 210 002a 2070     		strb	r0, [r4]
ARM GAS  /tmp/cckGkCTC.s 			page 7


 211              	.LVL10:
  43:Application/Include/matrixdefs.h ****   }
 212              		.loc 2 43 11 view .LVU50
 213              	.LBE171:
 214              	.LBE170:
 215              	.LBE169:
 216              	.LBE168:
 217              	.LBB172:
 218              	.LBI172:
 219              		.loc 2 49 3 is_stmt 1 view .LVU51
 220              	.LBB173:
 221              	.LBB174:
 222              	.LBI174:
  42:Application/Include/matrixdefs.h ****     value = i;
 223              		.loc 2 42 8 view .LVU52
 224              	.LBB175:
  43:Application/Include/matrixdefs.h ****   }
 225              		.loc 2 43 5 view .LVU53
  43:Application/Include/matrixdefs.h ****   }
 226              		.loc 2 43 11 is_stmt 0 view .LVU54
 227 002c 6170     		strb	r1, [r4, #1]
 228              	.LVL11:
  43:Application/Include/matrixdefs.h ****   }
 229              		.loc 2 43 11 view .LVU55
 230              	.LBE175:
 231              	.LBE174:
 232              	.LBE173:
 233              	.LBE172:
 234              	.LBB176:
 235              	.LBI176:
 236              		.loc 2 49 3 is_stmt 1 view .LVU56
 237              	.LBB177:
 238              	.LBB178:
 239              	.LBI178:
  42:Application/Include/matrixdefs.h ****     value = i;
 240              		.loc 2 42 8 view .LVU57
 241              	.LBB179:
  43:Application/Include/matrixdefs.h ****   }
 242              		.loc 2 43 5 view .LVU58
  43:Application/Include/matrixdefs.h ****   }
 243              		.loc 2 43 11 is_stmt 0 view .LVU59
 244 002e 84F802C0 		strb	ip, [r4, #2]
 245              	.LVL12:
  43:Application/Include/matrixdefs.h ****   }
 246              		.loc 2 43 11 view .LVU60
 247              	.LBE179:
 248              	.LBE178:
 249              	.LBE177:
 250              	.LBE176:
 251              	.LBB180:
 252              	.LBI180:
 253              		.loc 2 49 3 is_stmt 1 view .LVU61
 254              	.LBB181:
 255              	.LBB182:
 256              	.LBI182:
  42:Application/Include/matrixdefs.h ****     value = i;
 257              		.loc 2 42 8 view .LVU62
ARM GAS  /tmp/cckGkCTC.s 			page 8


 258              	.LBB183:
  43:Application/Include/matrixdefs.h ****   }
 259              		.loc 2 43 5 view .LVU63
  43:Application/Include/matrixdefs.h ****   }
 260              		.loc 2 43 11 is_stmt 0 view .LVU64
 261 0032 E170     		strb	r1, [r4, #3]
 262              	.LVL13:
  43:Application/Include/matrixdefs.h ****   }
 263              		.loc 2 43 11 view .LVU65
 264              	.LBE183:
 265              	.LBE182:
 266              	.LBE181:
 267              	.LBE180:
 268              	.LBB184:
 269              	.LBI184:
 270              		.loc 2 49 3 is_stmt 1 view .LVU66
 271              	.LBB185:
 272              	.LBB186:
 273              	.LBI186:
  42:Application/Include/matrixdefs.h ****     value = i;
 274              		.loc 2 42 8 view .LVU67
 275              	.LBB187:
  43:Application/Include/matrixdefs.h ****   }
 276              		.loc 2 43 5 view .LVU68
  43:Application/Include/matrixdefs.h ****   }
 277              		.loc 2 43 11 is_stmt 0 view .LVU69
 278 0034 2571     		strb	r5, [r4, #4]
 279              	.LVL14:
  43:Application/Include/matrixdefs.h ****   }
 280              		.loc 2 43 11 view .LVU70
 281              	.LBE187:
 282              	.LBE186:
 283              	.LBE185:
 284              	.LBE184:
 285              	.LBB188:
 286              	.LBI188:
 287              		.loc 2 49 3 is_stmt 1 view .LVU71
 288              	.LBB189:
 289              	.LBB190:
 290              	.LBI190:
  42:Application/Include/matrixdefs.h ****     value = i;
 291              		.loc 2 42 8 view .LVU72
 292              	.LBB191:
  43:Application/Include/matrixdefs.h ****   }
 293              		.loc 2 43 5 view .LVU73
  43:Application/Include/matrixdefs.h ****   }
 294              		.loc 2 43 11 is_stmt 0 view .LVU74
 295 0036 6171     		strb	r1, [r4, #5]
 296              	.LVL15:
  43:Application/Include/matrixdefs.h ****   }
 297              		.loc 2 43 11 view .LVU75
 298              	.LBE191:
 299              	.LBE190:
 300              	.LBE189:
 301              	.LBE188:
 302              	.LBB192:
 303              	.LBI192:
ARM GAS  /tmp/cckGkCTC.s 			page 9


 304              		.loc 2 49 3 is_stmt 1 view .LVU76
 305              	.LBB193:
 306              	.LBB194:
 307              	.LBI194:
  42:Application/Include/matrixdefs.h ****     value = i;
 308              		.loc 2 42 8 view .LVU77
 309              	.LBB195:
  43:Application/Include/matrixdefs.h ****   }
 310              		.loc 2 43 5 view .LVU78
  43:Application/Include/matrixdefs.h ****   }
 311              		.loc 2 43 11 is_stmt 0 view .LVU79
 312 0038 84F806E0 		strb	lr, [r4, #6]
 313              	.LVL16:
  43:Application/Include/matrixdefs.h ****   }
 314              		.loc 2 43 11 view .LVU80
 315              	.LBE195:
 316              	.LBE194:
 317              	.LBE193:
 318              	.LBE192:
 319              	.LBB196:
 320              	.LBI196:
 321              		.loc 2 49 3 is_stmt 1 view .LVU81
 322              	.LBB197:
 323              	.LBB198:
 324              	.LBI198:
  42:Application/Include/matrixdefs.h ****     value = i;
 325              		.loc 2 42 8 view .LVU82
 326              	.LBB199:
  43:Application/Include/matrixdefs.h ****   }
 327              		.loc 2 43 5 view .LVU83
  43:Application/Include/matrixdefs.h ****   }
 328              		.loc 2 43 11 is_stmt 0 view .LVU84
 329 003c E171     		strb	r1, [r4, #7]
 330              	.LVL17:
  43:Application/Include/matrixdefs.h ****   }
 331              		.loc 2 43 11 view .LVU85
 332              	.LBE199:
 333              	.LBE198:
 334              	.LBE197:
 335              	.LBE196:
 336              	.LBB200:
 337              	.LBI200:
 338              		.loc 2 49 3 is_stmt 1 view .LVU86
 339              	.LBB201:
 340              	.LBB202:
 341              	.LBI202:
  42:Application/Include/matrixdefs.h ****     value = i;
 342              		.loc 2 42 8 view .LVU87
 343              	.LBB203:
  43:Application/Include/matrixdefs.h ****   }
 344              		.loc 2 43 5 view .LVU88
  43:Application/Include/matrixdefs.h ****   }
 345              		.loc 2 43 11 is_stmt 0 view .LVU89
 346 003e 2072     		strb	r0, [r4, #8]
 347              	.LVL18:
  43:Application/Include/matrixdefs.h ****   }
 348              		.loc 2 43 11 view .LVU90
ARM GAS  /tmp/cckGkCTC.s 			page 10


 349              	.LBE203:
 350              	.LBE202:
 351              	.LBE201:
 352              	.LBE200:
 353              	.LBB204:
 354              	.LBI204:
 355              		.loc 2 49 3 is_stmt 1 view .LVU91
 356              	.LBB205:
 357              	.LBB206:
 358              	.LBI206:
  42:Application/Include/matrixdefs.h ****     value = i;
 359              		.loc 2 42 8 view .LVU92
 360              	.LBB207:
  43:Application/Include/matrixdefs.h ****   }
 361              		.loc 2 43 5 view .LVU93
  43:Application/Include/matrixdefs.h ****   }
 362              		.loc 2 43 11 is_stmt 0 view .LVU94
 363 0040 124B     		ldr	r3, .L3+8
 364 0042 1870     		strb	r0, [r3]
 365              	.LVL19:
  43:Application/Include/matrixdefs.h ****   }
 366              		.loc 2 43 11 view .LVU95
 367              	.LBE207:
 368              	.LBE206:
 369              	.LBE205:
 370              	.LBE204:
 371              	.LBB208:
 372              	.LBI208:
 373              		.loc 2 49 3 is_stmt 1 view .LVU96
 374              	.LBB209:
 375              	.LBB210:
 376              	.LBI210:
  42:Application/Include/matrixdefs.h ****     value = i;
 377              		.loc 2 42 8 view .LVU97
 378              	.LBB211:
  43:Application/Include/matrixdefs.h ****   }
 379              		.loc 2 43 5 view .LVU98
  43:Application/Include/matrixdefs.h ****   }
 380              		.loc 2 43 11 is_stmt 0 view .LVU99
 381 0044 83F801E0 		strb	lr, [r3, #1]
 382              	.LVL20:
  43:Application/Include/matrixdefs.h ****   }
 383              		.loc 2 43 11 view .LVU100
 384              	.LBE211:
 385              	.LBE210:
 386              	.LBE209:
 387              	.LBE208:
 388              	.LBB212:
 389              	.LBI212:
 390              		.loc 2 49 3 is_stmt 1 view .LVU101
 391              	.LBB213:
 392              	.LBB214:
 393              	.LBI214:
  42:Application/Include/matrixdefs.h ****     value = i;
 394              		.loc 2 42 8 view .LVU102
 395              	.LBB215:
  43:Application/Include/matrixdefs.h ****   }
ARM GAS  /tmp/cckGkCTC.s 			page 11


 396              		.loc 2 43 5 view .LVU103
  43:Application/Include/matrixdefs.h ****   }
 397              		.loc 2 43 11 is_stmt 0 view .LVU104
 398 0048 9970     		strb	r1, [r3, #2]
 399              	.LVL21:
  43:Application/Include/matrixdefs.h ****   }
 400              		.loc 2 43 11 view .LVU105
 401              	.LBE215:
 402              	.LBE214:
 403              	.LBE213:
 404              	.LBE212:
 405              	.LBB216:
 406              	.LBI216:
 407              		.loc 2 49 3 is_stmt 1 view .LVU106
 408              	.LBB217:
 409              	.LBB218:
 410              	.LBI218:
  42:Application/Include/matrixdefs.h ****     value = i;
 411              		.loc 2 42 8 view .LVU107
 412              	.LBB219:
  43:Application/Include/matrixdefs.h ****   }
 413              		.loc 2 43 5 view .LVU108
  43:Application/Include/matrixdefs.h ****   }
 414              		.loc 2 43 11 is_stmt 0 view .LVU109
 415 004a 83F803C0 		strb	ip, [r3, #3]
 416              	.LVL22:
  43:Application/Include/matrixdefs.h ****   }
 417              		.loc 2 43 11 view .LVU110
 418              	.LBE219:
 419              	.LBE218:
 420              	.LBE217:
 421              	.LBE216:
 422              	.LBB220:
 423              	.LBI220:
 424              		.loc 2 49 3 is_stmt 1 view .LVU111
 425              	.LBB221:
 426              	.LBB222:
 427              	.LBI222:
  42:Application/Include/matrixdefs.h ****     value = i;
 428              		.loc 2 42 8 view .LVU112
 429              	.LBB223:
  43:Application/Include/matrixdefs.h ****   }
 430              		.loc 2 43 5 view .LVU113
  43:Application/Include/matrixdefs.h ****   }
 431              		.loc 2 43 11 is_stmt 0 view .LVU114
 432 004e 1871     		strb	r0, [r3, #4]
 433              	.LVL23:
  43:Application/Include/matrixdefs.h ****   }
 434              		.loc 2 43 11 view .LVU115
 435              	.LBE223:
 436              	.LBE222:
 437              	.LBE221:
 438              	.LBE220:
 439              	.LBB224:
 440              	.LBI224:
 441              		.loc 2 49 3 is_stmt 1 view .LVU116
 442              	.LBB225:
ARM GAS  /tmp/cckGkCTC.s 			page 12


 443              	.LBB226:
 444              	.LBI226:
  42:Application/Include/matrixdefs.h ****     value = i;
 445              		.loc 2 42 8 view .LVU117
 446              	.LBB227:
  43:Application/Include/matrixdefs.h ****   }
 447              		.loc 2 43 5 view .LVU118
  43:Application/Include/matrixdefs.h ****   }
 448              		.loc 2 43 11 is_stmt 0 view .LVU119
 449 0050 5971     		strb	r1, [r3, #5]
 450              	.LVL24:
  43:Application/Include/matrixdefs.h ****   }
 451              		.loc 2 43 11 view .LVU120
 452              	.LBE227:
 453              	.LBE226:
 454              	.LBE225:
 455              	.LBE224:
 456              	.LBB228:
 457              	.LBI228:
 458              		.loc 2 49 3 is_stmt 1 view .LVU121
 459              	.LBB229:
 460              	.LBB230:
 461              	.LBI230:
  42:Application/Include/matrixdefs.h ****     value = i;
 462              		.loc 2 42 8 view .LVU122
 463              	.LBB231:
  43:Application/Include/matrixdefs.h ****   }
 464              		.loc 2 43 5 view .LVU123
  43:Application/Include/matrixdefs.h ****   }
 465              		.loc 2 43 11 is_stmt 0 view .LVU124
 466 0052 9971     		strb	r1, [r3, #6]
 467              	.LVL25:
  43:Application/Include/matrixdefs.h ****   }
 468              		.loc 2 43 11 view .LVU125
 469              	.LBE231:
 470              	.LBE230:
 471              	.LBE229:
 472              	.LBE228:
 473              	.LBB232:
 474              	.LBI232:
 475              		.loc 2 49 3 is_stmt 1 view .LVU126
 476              	.LBB233:
 477              	.LBB234:
 478              	.LBI234:
  42:Application/Include/matrixdefs.h ****     value = i;
 479              		.loc 2 42 8 view .LVU127
 480              	.LBB235:
  43:Application/Include/matrixdefs.h ****   }
 481              		.loc 2 43 5 view .LVU128
  43:Application/Include/matrixdefs.h ****   }
 482              		.loc 2 43 11 is_stmt 0 view .LVU129
 483 0054 D971     		strb	r1, [r3, #7]
 484              	.LVL26:
  43:Application/Include/matrixdefs.h ****   }
 485              		.loc 2 43 11 view .LVU130
 486              	.LBE235:
 487              	.LBE234:
ARM GAS  /tmp/cckGkCTC.s 			page 13


 488              	.LBE233:
 489              	.LBE232:
 490              	.LBB236:
 491              	.LBI236:
 492              		.loc 2 49 3 is_stmt 1 view .LVU131
 493              	.LBB237:
 494              	.LBB238:
 495              	.LBI238:
  42:Application/Include/matrixdefs.h ****     value = i;
 496              		.loc 2 42 8 view .LVU132
 497              	.LBB239:
  43:Application/Include/matrixdefs.h ****   }
 498              		.loc 2 43 5 view .LVU133
  43:Application/Include/matrixdefs.h ****   }
 499              		.loc 2 43 11 is_stmt 0 view .LVU134
 500 0056 1D72     		strb	r5, [r3, #8]
 501              	.LVL27:
  43:Application/Include/matrixdefs.h ****   }
 502              		.loc 2 43 11 view .LVU135
 503              	.LBE239:
 504              	.LBE238:
 505              	.LBE237:
 506              	.LBE236:
  50:Application/Include/matrixdefs.h ****     this->set(i);
  51:Application/Include/matrixdefs.h ****   }
  52:Application/Include/matrixdefs.h **** } trigOp;
  53:Application/Include/matrixdefs.h **** 
  54:Application/Include/matrixdefs.h **** // Aliases for commonly used array dimensions
  55:Application/Include/matrixdefs.h **** using fArr6 = std::array<float, NO_CYLS>;
  56:Application/Include/matrixdefs.h **** using fArr3 = std::array<float, NO_DOF>;
  57:Application/Include/matrixdefs.h **** 
  58:Application/Include/matrixdefs.h **** // Matricies in 3D cartesian space have 3*3 = 9 elements.
  59:Application/Include/matrixdefs.h **** using mtx3D = std::array<float, NO_DOF*NO_DOF>;
  60:Application/Include/matrixdefs.h **** 
  61:Application/Include/matrixdefs.h **** //using ctrlArr = std::array<Controller, NO_CYLS>;
  62:Application/Include/matrixdefs.h **** using trigOpArr = std::array<trigOp, 9>;
  63:Application/Include/matrixdefs.h **** 
  64:Application/Include/matrixdefs.h **** // Represents the set of vectors which describe ...
  65:Application/Include/matrixdefs.h **** const float MATRIX_b_DATA[NO_CYLS*NO_DOF] = 
  66:Application/Include/matrixdefs.h ****                                 {-1.75, 12.63, 0,
  67:Application/Include/matrixdefs.h ****                                   1.75, 12.63, 0,
  68:Application/Include/matrixdefs.h ****                                   11.81, -4.8, 0,
  69:Application/Include/matrixdefs.h ****                                   10.06,-7.83, 0,
  70:Application/Include/matrixdefs.h ****                                  -10.06,-7.83, 0,
  71:Application/Include/matrixdefs.h ****                                  -11.81, -4.8, 0 };
  72:Application/Include/matrixdefs.h **** 
  73:Application/Include/matrixdefs.h **** // Represents the set of vectors which describe ....
  74:Application/Include/matrixdefs.h **** const float MATRIX_p_DATA[NO_CYLS*NO_DOF] = 
  75:Application/Include/matrixdefs.h ****                                 {-8.1,   6.69, 0,
  76:Application/Include/matrixdefs.h ****                                   8.1,   6.69, 0,
  77:Application/Include/matrixdefs.h ****                                   9.84,  3.67, 0,
  78:Application/Include/matrixdefs.h ****                                   1.74,-10.35, 0,
  79:Application/Include/matrixdefs.h ****                                  -1.74,-10.35, 0,
  80:Application/Include/matrixdefs.h ****                                  -9.84,  3.67, 0 };
  81:Application/Include/matrixdefs.h **** 
  82:Application/Include/matrixdefs.h **** // Represents the cartesian translation of the center of the seat plate
  83:Application/Include/matrixdefs.h **** const float VECTOR_T_DATA[3] = { 0, 0, 23 };
ARM GAS  /tmp/cckGkCTC.s 			page 14


  84:Application/Include/matrixdefs.h **** 
  85:Application/Include/matrixdefs.h **** // Rotation function matricies. Tells Stewart what operations to perform
  86:Application/Include/matrixdefs.h **** // on each angle parameter to calculate the rotation matrix.
  87:Application/Include/matrixdefs.h **** const trigOpArr ROTATION_X = { 1, 0, 0, 0, COS, -SIN, 0, SIN, COS };
  88:Application/Include/matrixdefs.h **** const trigOpArr ROTATION_Y = { COS, 0, SIN, 0, 1, 0, -SIN, 0, COS };
  89:Application/Include/matrixdefs.h **** const trigOpArr ROTATION_Z = { COS, -SIN, 0, SIN, COS, 0, 0, 0, 1 };
  90:Application/Include/matrixdefs.h **** 
  91:Application/Include/matrixdefs.h **** // This is never used; nevertheless, it is included for future use.
  92:Application/Include/matrixdefs.h **** const std::array<trigOpArr,3> ROTATION_COMPONENTS = {ROTATION_X, ROTATION_Y, ROTATION_Z};
 507              		.loc 2 92 88 view .LVU136
 508 0058 0D4D     		ldr	r5, .L3+12
 509 005a AC46     		mov	ip, r5
 510 005c 07CA     		ldm	r2, {r0, r1, r2}
 511 005e ACE80300 		stmia	ip!, {r0, r1}
 512 0062 8CF80020 		strb	r2, [ip]
 513 0066 03CC     		ldmia	r4!, {r0, r1}
 514 0068 C5F80900 		str	r0, [r5, #9]	@ unaligned
 515 006c C5F80D10 		str	r1, [r5, #13]	@ unaligned
 516 0070 2278     		ldrb	r2, [r4]	@ zero_extendqisi2
 517 0072 6A74     		strb	r2, [r5, #17]
 518 0074 03CB     		ldmia	r3!, {r0, r1}
 519 0076 C5F81200 		str	r0, [r5, #18]	@ unaligned
 520 007a C5F81610 		str	r1, [r5, #22]	@ unaligned
 521 007e 1B78     		ldrb	r3, [r3]	@ zero_extendqisi2
 522 0080 AB76     		strb	r3, [r5, #26]
 523              		.loc 1 45 1 view .LVU137
 524 0082 30BD     		pop	{r4, r5, pc}
 525              	.L4:
 526              		.align	2
 527              	.L3:
 528 0084 00000000 		.word	_ZL10ROTATION_X
 529 0088 00000000 		.word	_ZL10ROTATION_Y
 530 008c 00000000 		.word	_ZL10ROTATION_Z
 531 0090 00000000 		.word	_ZL19ROTATION_COMPONENTS
 532              		.cfi_endproc
 533              	.LFE2663:
 534              		.cantunwind
 535              		.fnend
 537              		.section	.text._ZN6CylGov4initESt5arrayIPVmLj6EES0_IP12GPIO_TypeDefLj6EES0_ItLj6EE,"ax",%progbits
 538              		.align	1
 539              		.global	_ZN6CylGov4initESt5arrayIPVmLj6EES0_IP12GPIO_TypeDefLj6EES0_ItLj6EE
 540              		.syntax unified
 541              		.thumb
 542              		.thumb_func
 544              	_ZN6CylGov4initESt5arrayIPVmLj6EES0_IP12GPIO_TypeDefLj6EES0_ItLj6EE:
 545              		.fnstart
 546              	.LVL28:
 547              	.LFB2135:
  28:Application/cylGovernor.cpp ****     for (int i = 0; i < NO_CYLS; i++) {
 548              		.loc 1 28 71 is_stmt 1 view -0
 549              		.cfi_startproc
 550              		@ args = 64, pretend = 16, frame = 0
 551              		@ frame_needed = 0, uses_anonymous_args = 0
  28:Application/cylGovernor.cpp ****     for (int i = 0; i < NO_CYLS; i++) {
 552              		.loc 1 28 71 is_stmt 0 view .LVU139
 553              		.pad #16
 554 0000 84B0     		sub	sp, sp, #16
ARM GAS  /tmp/cckGkCTC.s 			page 15


 555              		.cfi_def_cfa_offset 16
 556 0002 70B5     		push	{r4, r5, r6, lr}
 557              		.save {r4, r5, r6, lr}
 558              		.cfi_def_cfa_offset 32
 559              		.cfi_offset 4, -32
 560              		.cfi_offset 5, -28
 561              		.cfi_offset 6, -24
 562              		.cfi_offset 14, -20
 563 0004 0646     		mov	r6, r0
 564 0006 05A8     		add	r0, sp, #20
 565              	.LVL29:
  28:Application/cylGovernor.cpp ****     for (int i = 0; i < NO_CYLS; i++) {
 566              		.loc 1 28 71 view .LVU140
 567 0008 80E80E00 		stm	r0, {r1, r2, r3}
  29:Application/cylGovernor.cpp ****         cylinders[i] = new CylCtrlInterf(*pccrs[i],dirPorts[i],dirPins[i]);
 568              		.loc 1 29 5 is_stmt 1 view .LVU141
 569              	.LVL30:
 570              	.LBB240:
  29:Application/cylGovernor.cpp ****         cylinders[i] = new CylCtrlInterf(*pccrs[i],dirPorts[i],dirPins[i]);
 571              		.loc 1 29 14 is_stmt 0 view .LVU142
 572 000c 0024     		movs	r4, #0
  29:Application/cylGovernor.cpp ****         cylinders[i] = new CylCtrlInterf(*pccrs[i],dirPorts[i],dirPins[i]);
 573              		.loc 1 29 5 view .LVU143
 574 000e 02E0     		b	.L6
 575              	.LVL31:
 576              	.L13:
 577              	.LBB241:
 578              	.LBI241:
 579              		.file 3 "/usr/arm-none-eabi/include/c++/13.2.0/array"
   1:/usr/arm-none-eabi/include/c++/13.2.0/array **** // <array> -*- C++ -*-
   2:/usr/arm-none-eabi/include/c++/13.2.0/array **** 
   3:/usr/arm-none-eabi/include/c++/13.2.0/array **** // Copyright (C) 2007-2023 Free Software Foundation, Inc.
   4:/usr/arm-none-eabi/include/c++/13.2.0/array **** //
   5:/usr/arm-none-eabi/include/c++/13.2.0/array **** // This file is part of the GNU ISO C++ Library.  This library is free
   6:/usr/arm-none-eabi/include/c++/13.2.0/array **** // software; you can redistribute it and/or modify it under the
   7:/usr/arm-none-eabi/include/c++/13.2.0/array **** // terms of the GNU General Public License as published by the
   8:/usr/arm-none-eabi/include/c++/13.2.0/array **** // Free Software Foundation; either version 3, or (at your option)
   9:/usr/arm-none-eabi/include/c++/13.2.0/array **** // any later version.
  10:/usr/arm-none-eabi/include/c++/13.2.0/array **** 
  11:/usr/arm-none-eabi/include/c++/13.2.0/array **** // This library is distributed in the hope that it will be useful,
  12:/usr/arm-none-eabi/include/c++/13.2.0/array **** // but WITHOUT ANY WARRANTY; without even the implied warranty of
  13:/usr/arm-none-eabi/include/c++/13.2.0/array **** // MERCHANTABILITY or FITNESS FOR A PARTICULAR PURPOSE.  See the
  14:/usr/arm-none-eabi/include/c++/13.2.0/array **** // GNU General Public License for more details.
  15:/usr/arm-none-eabi/include/c++/13.2.0/array **** 
  16:/usr/arm-none-eabi/include/c++/13.2.0/array **** // Under Section 7 of GPL version 3, you are granted additional
  17:/usr/arm-none-eabi/include/c++/13.2.0/array **** // permissions described in the GCC Runtime Library Exception, version
  18:/usr/arm-none-eabi/include/c++/13.2.0/array **** // 3.1, as published by the Free Software Foundation.
  19:/usr/arm-none-eabi/include/c++/13.2.0/array **** 
  20:/usr/arm-none-eabi/include/c++/13.2.0/array **** // You should have received a copy of the GNU General Public License and
  21:/usr/arm-none-eabi/include/c++/13.2.0/array **** // a copy of the GCC Runtime Library Exception along with this program;
  22:/usr/arm-none-eabi/include/c++/13.2.0/array **** // see the files COPYING3 and COPYING.RUNTIME respectively.  If not, see
  23:/usr/arm-none-eabi/include/c++/13.2.0/array **** // <http://www.gnu.org/licenses/>.
  24:/usr/arm-none-eabi/include/c++/13.2.0/array **** 
  25:/usr/arm-none-eabi/include/c++/13.2.0/array **** /** @file include/array
  26:/usr/arm-none-eabi/include/c++/13.2.0/array ****  *  This is a Standard C++ Library header.
  27:/usr/arm-none-eabi/include/c++/13.2.0/array ****  */
  28:/usr/arm-none-eabi/include/c++/13.2.0/array **** 
ARM GAS  /tmp/cckGkCTC.s 			page 16


  29:/usr/arm-none-eabi/include/c++/13.2.0/array **** #ifndef _GLIBCXX_ARRAY
  30:/usr/arm-none-eabi/include/c++/13.2.0/array **** #define _GLIBCXX_ARRAY 1
  31:/usr/arm-none-eabi/include/c++/13.2.0/array **** 
  32:/usr/arm-none-eabi/include/c++/13.2.0/array **** #pragma GCC system_header
  33:/usr/arm-none-eabi/include/c++/13.2.0/array **** 
  34:/usr/arm-none-eabi/include/c++/13.2.0/array **** #if __cplusplus < 201103L
  35:/usr/arm-none-eabi/include/c++/13.2.0/array **** # include <bits/c++0x_warning.h>
  36:/usr/arm-none-eabi/include/c++/13.2.0/array **** #else
  37:/usr/arm-none-eabi/include/c++/13.2.0/array **** 
  38:/usr/arm-none-eabi/include/c++/13.2.0/array **** #include <compare>
  39:/usr/arm-none-eabi/include/c++/13.2.0/array **** #include <initializer_list>
  40:/usr/arm-none-eabi/include/c++/13.2.0/array **** 
  41:/usr/arm-none-eabi/include/c++/13.2.0/array **** #include <type_traits>
  42:/usr/arm-none-eabi/include/c++/13.2.0/array **** #include <bits/functexcept.h>
  43:/usr/arm-none-eabi/include/c++/13.2.0/array **** #include <bits/stl_algobase.h>
  44:/usr/arm-none-eabi/include/c++/13.2.0/array **** #include <bits/range_access.h> // std::begin, std::end etc.
  45:/usr/arm-none-eabi/include/c++/13.2.0/array **** #include <bits/utility.h>      // std::index_sequence, std::tuple_size
  46:/usr/arm-none-eabi/include/c++/13.2.0/array **** #include <debug/assertions.h>
  47:/usr/arm-none-eabi/include/c++/13.2.0/array **** 
  48:/usr/arm-none-eabi/include/c++/13.2.0/array **** namespace std _GLIBCXX_VISIBILITY(default)
  49:/usr/arm-none-eabi/include/c++/13.2.0/array **** {
  50:/usr/arm-none-eabi/include/c++/13.2.0/array **** _GLIBCXX_BEGIN_NAMESPACE_VERSION
  51:/usr/arm-none-eabi/include/c++/13.2.0/array **** 
  52:/usr/arm-none-eabi/include/c++/13.2.0/array ****   template<typename _Tp, size_t _Nm>
  53:/usr/arm-none-eabi/include/c++/13.2.0/array ****     struct __array_traits
  54:/usr/arm-none-eabi/include/c++/13.2.0/array ****     {
  55:/usr/arm-none-eabi/include/c++/13.2.0/array ****       using _Type = _Tp[_Nm];
  56:/usr/arm-none-eabi/include/c++/13.2.0/array ****       using _Is_swappable = __is_swappable<_Tp>;
  57:/usr/arm-none-eabi/include/c++/13.2.0/array ****       using _Is_nothrow_swappable = __is_nothrow_swappable<_Tp>;
  58:/usr/arm-none-eabi/include/c++/13.2.0/array ****     };
  59:/usr/arm-none-eabi/include/c++/13.2.0/array **** 
  60:/usr/arm-none-eabi/include/c++/13.2.0/array ****  template<typename _Tp>
  61:/usr/arm-none-eabi/include/c++/13.2.0/array ****    struct __array_traits<_Tp, 0>
  62:/usr/arm-none-eabi/include/c++/13.2.0/array ****    {
  63:/usr/arm-none-eabi/include/c++/13.2.0/array ****      // Empty type used instead of _Tp[0] for std::array<_Tp, 0>.
  64:/usr/arm-none-eabi/include/c++/13.2.0/array ****      struct _Type
  65:/usr/arm-none-eabi/include/c++/13.2.0/array ****      {
  66:/usr/arm-none-eabi/include/c++/13.2.0/array ****        // Indexing is undefined.
  67:/usr/arm-none-eabi/include/c++/13.2.0/array ****        __attribute__((__always_inline__,__noreturn__))
  68:/usr/arm-none-eabi/include/c++/13.2.0/array ****        _Tp& operator[](size_t) const noexcept { __builtin_trap(); }
  69:/usr/arm-none-eabi/include/c++/13.2.0/array **** 
  70:/usr/arm-none-eabi/include/c++/13.2.0/array ****        // Conversion to a pointer produces a null pointer.
  71:/usr/arm-none-eabi/include/c++/13.2.0/array ****        __attribute__((__always_inline__))
  72:/usr/arm-none-eabi/include/c++/13.2.0/array ****        constexpr explicit operator _Tp*() const noexcept { return nullptr; }
  73:/usr/arm-none-eabi/include/c++/13.2.0/array ****      };
  74:/usr/arm-none-eabi/include/c++/13.2.0/array **** 
  75:/usr/arm-none-eabi/include/c++/13.2.0/array ****      using _Is_swappable = true_type;
  76:/usr/arm-none-eabi/include/c++/13.2.0/array ****      using _Is_nothrow_swappable = true_type;
  77:/usr/arm-none-eabi/include/c++/13.2.0/array ****    };
  78:/usr/arm-none-eabi/include/c++/13.2.0/array **** 
  79:/usr/arm-none-eabi/include/c++/13.2.0/array ****   /**
  80:/usr/arm-none-eabi/include/c++/13.2.0/array ****    *  @brief A standard container for storing a fixed size sequence of elements.
  81:/usr/arm-none-eabi/include/c++/13.2.0/array ****    *
  82:/usr/arm-none-eabi/include/c++/13.2.0/array ****    *  @ingroup sequences
  83:/usr/arm-none-eabi/include/c++/13.2.0/array ****    *
  84:/usr/arm-none-eabi/include/c++/13.2.0/array ****    *  Meets the requirements of a <a href="tables.html#65">container</a>, a
  85:/usr/arm-none-eabi/include/c++/13.2.0/array ****    *  <a href="tables.html#66">reversible container</a>, and a
ARM GAS  /tmp/cckGkCTC.s 			page 17


  86:/usr/arm-none-eabi/include/c++/13.2.0/array ****    *  <a href="tables.html#67">sequence</a>.
  87:/usr/arm-none-eabi/include/c++/13.2.0/array ****    *
  88:/usr/arm-none-eabi/include/c++/13.2.0/array ****    *  Sets support random access iterators.
  89:/usr/arm-none-eabi/include/c++/13.2.0/array ****    *
  90:/usr/arm-none-eabi/include/c++/13.2.0/array ****    *  @tparam  Tp  Type of element. Required to be a complete type.
  91:/usr/arm-none-eabi/include/c++/13.2.0/array ****    *  @tparam  Nm  Number of elements.
  92:/usr/arm-none-eabi/include/c++/13.2.0/array ****   */
  93:/usr/arm-none-eabi/include/c++/13.2.0/array ****   template<typename _Tp, std::size_t _Nm>
  94:/usr/arm-none-eabi/include/c++/13.2.0/array ****     struct array
  95:/usr/arm-none-eabi/include/c++/13.2.0/array ****     {
  96:/usr/arm-none-eabi/include/c++/13.2.0/array ****       typedef _Tp 	    			      value_type;
  97:/usr/arm-none-eabi/include/c++/13.2.0/array ****       typedef value_type*			      pointer;
  98:/usr/arm-none-eabi/include/c++/13.2.0/array ****       typedef const value_type*                       const_pointer;
  99:/usr/arm-none-eabi/include/c++/13.2.0/array ****       typedef value_type&                   	      reference;
 100:/usr/arm-none-eabi/include/c++/13.2.0/array ****       typedef const value_type&             	      const_reference;
 101:/usr/arm-none-eabi/include/c++/13.2.0/array ****       typedef value_type*          		      iterator;
 102:/usr/arm-none-eabi/include/c++/13.2.0/array ****       typedef const value_type*			      const_iterator;
 103:/usr/arm-none-eabi/include/c++/13.2.0/array ****       typedef std::size_t                    	      size_type;
 104:/usr/arm-none-eabi/include/c++/13.2.0/array ****       typedef std::ptrdiff_t                   	      difference_type;
 105:/usr/arm-none-eabi/include/c++/13.2.0/array ****       typedef std::reverse_iterator<iterator>	      reverse_iterator;
 106:/usr/arm-none-eabi/include/c++/13.2.0/array ****       typedef std::reverse_iterator<const_iterator>   const_reverse_iterator;
 107:/usr/arm-none-eabi/include/c++/13.2.0/array **** 
 108:/usr/arm-none-eabi/include/c++/13.2.0/array ****       // Support for zero-sized arrays mandatory.
 109:/usr/arm-none-eabi/include/c++/13.2.0/array ****       typename __array_traits<_Tp, _Nm>::_Type        _M_elems;
 110:/usr/arm-none-eabi/include/c++/13.2.0/array **** 
 111:/usr/arm-none-eabi/include/c++/13.2.0/array ****       // No explicit construct/copy/destroy for aggregate type.
 112:/usr/arm-none-eabi/include/c++/13.2.0/array **** 
 113:/usr/arm-none-eabi/include/c++/13.2.0/array ****       // DR 776.
 114:/usr/arm-none-eabi/include/c++/13.2.0/array ****       _GLIBCXX20_CONSTEXPR void
 115:/usr/arm-none-eabi/include/c++/13.2.0/array ****       fill(const value_type& __u)
 116:/usr/arm-none-eabi/include/c++/13.2.0/array ****       { std::fill_n(begin(), size(), __u); }
 117:/usr/arm-none-eabi/include/c++/13.2.0/array **** 
 118:/usr/arm-none-eabi/include/c++/13.2.0/array ****       _GLIBCXX20_CONSTEXPR void
 119:/usr/arm-none-eabi/include/c++/13.2.0/array ****       swap(array& __other)
 120:/usr/arm-none-eabi/include/c++/13.2.0/array ****       noexcept(__array_traits<_Tp, _Nm>::_Is_nothrow_swappable::value)
 121:/usr/arm-none-eabi/include/c++/13.2.0/array ****       { std::swap_ranges(begin(), end(), __other.begin()); }
 122:/usr/arm-none-eabi/include/c++/13.2.0/array **** 
 123:/usr/arm-none-eabi/include/c++/13.2.0/array ****       // Iterators.
 124:/usr/arm-none-eabi/include/c++/13.2.0/array ****       [[__gnu__::__const__, __nodiscard__]]
 125:/usr/arm-none-eabi/include/c++/13.2.0/array ****       _GLIBCXX17_CONSTEXPR iterator
 126:/usr/arm-none-eabi/include/c++/13.2.0/array ****       begin() noexcept
 127:/usr/arm-none-eabi/include/c++/13.2.0/array ****       { return iterator(data()); }
 128:/usr/arm-none-eabi/include/c++/13.2.0/array **** 
 129:/usr/arm-none-eabi/include/c++/13.2.0/array ****       [[__nodiscard__]]
 130:/usr/arm-none-eabi/include/c++/13.2.0/array ****       _GLIBCXX17_CONSTEXPR const_iterator
 131:/usr/arm-none-eabi/include/c++/13.2.0/array ****       begin() const noexcept
 132:/usr/arm-none-eabi/include/c++/13.2.0/array ****       { return const_iterator(data()); }
 133:/usr/arm-none-eabi/include/c++/13.2.0/array **** 
 134:/usr/arm-none-eabi/include/c++/13.2.0/array ****       [[__gnu__::__const__, __nodiscard__]]
 135:/usr/arm-none-eabi/include/c++/13.2.0/array ****       _GLIBCXX17_CONSTEXPR iterator
 136:/usr/arm-none-eabi/include/c++/13.2.0/array ****       end() noexcept
 137:/usr/arm-none-eabi/include/c++/13.2.0/array ****       { return iterator(data() + _Nm); }
 138:/usr/arm-none-eabi/include/c++/13.2.0/array **** 
 139:/usr/arm-none-eabi/include/c++/13.2.0/array ****       [[__nodiscard__]]
 140:/usr/arm-none-eabi/include/c++/13.2.0/array ****       _GLIBCXX17_CONSTEXPR const_iterator
 141:/usr/arm-none-eabi/include/c++/13.2.0/array ****       end() const noexcept
 142:/usr/arm-none-eabi/include/c++/13.2.0/array ****       { return const_iterator(data() + _Nm); }
ARM GAS  /tmp/cckGkCTC.s 			page 18


 143:/usr/arm-none-eabi/include/c++/13.2.0/array **** 
 144:/usr/arm-none-eabi/include/c++/13.2.0/array ****       [[__gnu__::__const__, __nodiscard__]]
 145:/usr/arm-none-eabi/include/c++/13.2.0/array ****       _GLIBCXX17_CONSTEXPR reverse_iterator
 146:/usr/arm-none-eabi/include/c++/13.2.0/array ****       rbegin() noexcept
 147:/usr/arm-none-eabi/include/c++/13.2.0/array ****       { return reverse_iterator(end()); }
 148:/usr/arm-none-eabi/include/c++/13.2.0/array **** 
 149:/usr/arm-none-eabi/include/c++/13.2.0/array ****       [[__nodiscard__]]
 150:/usr/arm-none-eabi/include/c++/13.2.0/array ****       _GLIBCXX17_CONSTEXPR const_reverse_iterator
 151:/usr/arm-none-eabi/include/c++/13.2.0/array ****       rbegin() const noexcept
 152:/usr/arm-none-eabi/include/c++/13.2.0/array ****       { return const_reverse_iterator(end()); }
 153:/usr/arm-none-eabi/include/c++/13.2.0/array **** 
 154:/usr/arm-none-eabi/include/c++/13.2.0/array ****       [[__gnu__::__const__, __nodiscard__]]
 155:/usr/arm-none-eabi/include/c++/13.2.0/array ****       _GLIBCXX17_CONSTEXPR reverse_iterator
 156:/usr/arm-none-eabi/include/c++/13.2.0/array ****       rend() noexcept
 157:/usr/arm-none-eabi/include/c++/13.2.0/array ****       { return reverse_iterator(begin()); }
 158:/usr/arm-none-eabi/include/c++/13.2.0/array **** 
 159:/usr/arm-none-eabi/include/c++/13.2.0/array ****       [[__nodiscard__]]
 160:/usr/arm-none-eabi/include/c++/13.2.0/array ****       _GLIBCXX17_CONSTEXPR const_reverse_iterator
 161:/usr/arm-none-eabi/include/c++/13.2.0/array ****       rend() const noexcept
 162:/usr/arm-none-eabi/include/c++/13.2.0/array ****       { return const_reverse_iterator(begin()); }
 163:/usr/arm-none-eabi/include/c++/13.2.0/array **** 
 164:/usr/arm-none-eabi/include/c++/13.2.0/array ****       [[__nodiscard__]]
 165:/usr/arm-none-eabi/include/c++/13.2.0/array ****       _GLIBCXX17_CONSTEXPR const_iterator
 166:/usr/arm-none-eabi/include/c++/13.2.0/array ****       cbegin() const noexcept
 167:/usr/arm-none-eabi/include/c++/13.2.0/array ****       { return const_iterator(data()); }
 168:/usr/arm-none-eabi/include/c++/13.2.0/array **** 
 169:/usr/arm-none-eabi/include/c++/13.2.0/array ****       [[__nodiscard__]]
 170:/usr/arm-none-eabi/include/c++/13.2.0/array ****       _GLIBCXX17_CONSTEXPR const_iterator
 171:/usr/arm-none-eabi/include/c++/13.2.0/array ****       cend() const noexcept
 172:/usr/arm-none-eabi/include/c++/13.2.0/array ****       { return const_iterator(data() + _Nm); }
 173:/usr/arm-none-eabi/include/c++/13.2.0/array **** 
 174:/usr/arm-none-eabi/include/c++/13.2.0/array ****       [[__nodiscard__]]
 175:/usr/arm-none-eabi/include/c++/13.2.0/array ****       _GLIBCXX17_CONSTEXPR const_reverse_iterator
 176:/usr/arm-none-eabi/include/c++/13.2.0/array ****       crbegin() const noexcept
 177:/usr/arm-none-eabi/include/c++/13.2.0/array ****       { return const_reverse_iterator(end()); }
 178:/usr/arm-none-eabi/include/c++/13.2.0/array **** 
 179:/usr/arm-none-eabi/include/c++/13.2.0/array ****       [[__nodiscard__]]
 180:/usr/arm-none-eabi/include/c++/13.2.0/array ****       _GLIBCXX17_CONSTEXPR const_reverse_iterator
 181:/usr/arm-none-eabi/include/c++/13.2.0/array ****       crend() const noexcept
 182:/usr/arm-none-eabi/include/c++/13.2.0/array ****       { return const_reverse_iterator(begin()); }
 183:/usr/arm-none-eabi/include/c++/13.2.0/array **** 
 184:/usr/arm-none-eabi/include/c++/13.2.0/array ****       // Capacity.
 185:/usr/arm-none-eabi/include/c++/13.2.0/array ****       [[__nodiscard__, __gnu__::__const__, __gnu__::__always_inline__]]
 186:/usr/arm-none-eabi/include/c++/13.2.0/array ****       constexpr size_type
 187:/usr/arm-none-eabi/include/c++/13.2.0/array ****       size() const noexcept { return _Nm; }
 188:/usr/arm-none-eabi/include/c++/13.2.0/array **** 
 189:/usr/arm-none-eabi/include/c++/13.2.0/array ****       [[__nodiscard__, __gnu__::__const__, __gnu__::__always_inline__]]
 190:/usr/arm-none-eabi/include/c++/13.2.0/array ****       constexpr size_type
 191:/usr/arm-none-eabi/include/c++/13.2.0/array ****       max_size() const noexcept { return _Nm; }
 192:/usr/arm-none-eabi/include/c++/13.2.0/array **** 
 193:/usr/arm-none-eabi/include/c++/13.2.0/array ****       [[__nodiscard__, __gnu__::__const__, __gnu__::__always_inline__]]
 194:/usr/arm-none-eabi/include/c++/13.2.0/array ****       constexpr bool
 195:/usr/arm-none-eabi/include/c++/13.2.0/array ****       empty() const noexcept { return size() == 0; }
 196:/usr/arm-none-eabi/include/c++/13.2.0/array **** 
 197:/usr/arm-none-eabi/include/c++/13.2.0/array ****       // Element access.
 198:/usr/arm-none-eabi/include/c++/13.2.0/array ****       [[__nodiscard__]]
 199:/usr/arm-none-eabi/include/c++/13.2.0/array ****       _GLIBCXX17_CONSTEXPR reference
ARM GAS  /tmp/cckGkCTC.s 			page 19


 200:/usr/arm-none-eabi/include/c++/13.2.0/array ****       operator[](size_type __n) noexcept
 580              		.loc 3 200 7 is_stmt 1 view .LVU144
 581              		.loc 3 200 7 is_stmt 0 view .LVU145
 582              	.LBE241:
  30:Application/cylGovernor.cpp ****     }
 583              		.loc 1 30 22 discriminator 1 view .LVU146
 584 0010 46F82450 		str	r5, [r6, r4, lsl #2]
  29:Application/cylGovernor.cpp ****         cylinders[i] = new CylCtrlInterf(*pccrs[i],dirPorts[i],dirPins[i]);
 585              		.loc 1 29 5 is_stmt 1 discriminator 2 view .LVU147
 586 0014 0134     		adds	r4, r4, #1
 587              	.LVL32:
 588              	.L6:
  29:Application/cylGovernor.cpp ****         cylinders[i] = new CylCtrlInterf(*pccrs[i],dirPorts[i],dirPins[i]);
 589              		.loc 1 29 23 discriminator 1 view .LVU148
 590 0016 052C     		cmp	r4, #5
 591 0018 15DC     		bgt	.L12
  30:Application/cylGovernor.cpp ****     }
 592              		.loc 1 30 9 view .LVU149
  30:Application/cylGovernor.cpp ****     }
 593              		.loc 1 30 74 is_stmt 0 view .LVU150
 594 001a 1820     		movs	r0, #24
 595              	.LEHB0:
 596 001c FFF7FEFF 		bl	_Znwj
 597              	.LVL33:
 598              	.LEHE0:
 599 0020 0546     		mov	r5, r0
 600              	.LVL34:
 601              	.LBB242:
 602              	.LBI242:
 603              		.loc 3 200 7 is_stmt 1 view .LVU151
 604              		.loc 3 200 7 is_stmt 0 view .LVU152
 605              	.LBE242:
 606              	.LBB243:
 607              	.LBI243:
 608              		.loc 3 200 7 is_stmt 1 view .LVU153
 609              		.loc 3 200 7 is_stmt 0 view .LVU154
 610              	.LBE243:
 611              	.LBB244:
 612              	.LBI244:
 613              		.loc 3 200 7 is_stmt 1 view .LVU155
 614              		.loc 3 200 7 is_stmt 0 view .LVU156
 615              	.LBE244:
  30:Application/cylGovernor.cpp ****     }
 616              		.loc 1 30 74 discriminator 4 view .LVU157
 617 0022 04AB     		add	r3, sp, #16
 618 0024 03EB4403 		add	r3, r3, r4, lsl #1
  30:Application/cylGovernor.cpp ****     }
 619              		.loc 1 30 74 discriminator 3 view .LVU158
 620 0028 04AA     		add	r2, sp, #16
 621 002a 02EB8401 		add	r1, r2, r4, lsl #2
  30:Application/cylGovernor.cpp ****     }
 622              		.loc 1 30 74 discriminator 4 view .LVU159
 623 002e 9B8E     		ldrh	r3, [r3, #52]
 624 0030 CA69     		ldr	r2, [r1, #28]
 625 0032 4968     		ldr	r1, [r1, #4]
 626              	.LEHB1:
 627 0034 FFF7FEFF 		bl	_ZN13CylCtrlInterfC1ERVmP12GPIO_TypeDeft
ARM GAS  /tmp/cckGkCTC.s 			page 20


 628              	.LVL35:
 629              	.LEHE1:
 630 0038 EAE7     		b	.L13
 631              	.L9:
  30:Application/cylGovernor.cpp ****     }
 632              		.loc 1 30 74 discriminator 3 view .LVU160
 633 003a 1821     		movs	r1, #24
 634 003c 2846     		mov	r0, r5
 635 003e FFF7FEFF 		bl	_ZdlPvj
 636              	.LVL36:
 637              	.LEHB2:
 638 0042 FFF7FEFF 		bl	__cxa_end_cleanup
 639              	.LVL37:
 640              	.LEHE2:
 641              	.L12:
 642              	.LBE240:
  32:Application/cylGovernor.cpp **** 
 643              		.loc 1 32 1 view .LVU161
 644 0046 BDE87040 		pop	{r4, r5, r6, lr}
 645              		.cfi_restore 14
 646              		.cfi_restore 6
 647              		.cfi_restore 5
 648              		.cfi_restore 4
 649              		.cfi_def_cfa_offset 16
 650              	.LVL38:
  32:Application/cylGovernor.cpp **** 
 651              		.loc 1 32 1 view .LVU162
 652 004a 04B0     		add	sp, sp, #16
 653              		.cfi_def_cfa_offset 0
 654 004c 7047     		bx	lr
 655              		.cfi_endproc
 656              	.LFE2135:
 657              		.global	__gxx_personality_v0
 658              		.personality	__gxx_personality_v0
 659              		.handlerdata
 660              	.LLSDA2135:
 661 0008 FF       		.byte	0xff
 662 0009 FF       		.byte	0xff
 663 000a 01       		.byte	0x1
 664 000b 0C       		.uleb128 .LLSDACSE2135-.LLSDACSB2135
 665              	.LLSDACSB2135:
 666 000c 1C       		.uleb128 .LEHB0-.LFB2135
 667 000d 04       		.uleb128 .LEHE0-.LEHB0
 668 000e 00       		.uleb128 0
 669 000f 00       		.uleb128 0
 670 0010 34       		.uleb128 .LEHB1-.LFB2135
 671 0011 04       		.uleb128 .LEHE1-.LEHB1
 672 0012 3A       		.uleb128 .L9-.LFB2135
 673 0013 00       		.uleb128 0
 674 0014 42       		.uleb128 .LEHB2-.LFB2135
 675 0015 04       		.uleb128 .LEHE2-.LEHB2
 676 0016 00       		.uleb128 0
 677 0017 00       		.uleb128 0
 678              	.LLSDACSE2135:
 679              		.section	.text._ZN6CylGov4initESt5arrayIPVmLj6EES0_IP12GPIO_TypeDefLj6EES0_ItLj6EE
 680              		.fnend
 682              		.section	.text._ZN6CylGovC2ESt5arrayIPVmLj6EES0_IP12GPIO_TypeDefLj6EES0_ItLj6EE,"ax",%progbits
ARM GAS  /tmp/cckGkCTC.s 			page 21


 683              		.align	1
 684              		.global	_ZN6CylGovC2ESt5arrayIPVmLj6EES0_IP12GPIO_TypeDefLj6EES0_ItLj6EE
 685              		.syntax unified
 686              		.thumb
 687              		.thumb_func
 689              	_ZN6CylGovC2ESt5arrayIPVmLj6EES0_IP12GPIO_TypeDefLj6EES0_ItLj6EE:
 690              		.fnstart
 691              	.LVL39:
 692              	.LFB2132:
  12:Application/cylGovernor.cpp ****     init(pccrs, dirPorts, dirPins);
 693              		.loc 1 12 1 is_stmt 1 view -0
 694              		.cfi_startproc
 695              		@ args = 64, pretend = 16, frame = 0
 696              		@ frame_needed = 0, uses_anonymous_args = 0
  12:Application/cylGovernor.cpp ****     init(pccrs, dirPorts, dirPins);
 697              		.loc 1 12 1 is_stmt 0 view .LVU164
 698              		.pad #16
 699 0000 84B0     		sub	sp, sp, #16
 700              		.cfi_def_cfa_offset 16
 701 0002 30B5     		push	{r4, r5, lr}
 702              		.save {r4, r5, lr}
 703              		.cfi_def_cfa_offset 28
 704              		.cfi_offset 4, -28
 705              		.cfi_offset 5, -24
 706              		.cfi_offset 14, -20
 707              		.pad #52
 708 0004 8DB0     		sub	sp, sp, #52
 709              		.cfi_def_cfa_offset 80
 710 0006 0546     		mov	r5, r0
 711 0008 11AC     		add	r4, sp, #68
 712 000a 84E80E00 		stm	r4, {r1, r2, r3}
 713              	.LBB245:
  13:Application/cylGovernor.cpp **** }
 714              		.loc 1 13 5 is_stmt 1 view .LVU165
  13:Application/cylGovernor.cpp **** }
 715              		.loc 1 13 9 is_stmt 0 view .LVU166
 716 000e 09AB     		add	r3, sp, #36
 717 0010 1DAA     		add	r2, sp, #116
 718 0012 07CA     		ldm	r2, {r0, r1, r2}
 719              	.LVL40:
  13:Application/cylGovernor.cpp **** }
 720              		.loc 1 13 9 view .LVU167
 721 0014 83E80700 		stm	r3, {r0, r1, r2}
 722 0018 0DF10C0C 		add	ip, sp, #12
 723 001c 0DF15C0E 		add	lr, sp, #92
 724 0020 BEE80F00 		ldmia	lr!, {r0, r1, r2, r3}
 725 0024 ACE80F00 		stmia	ip!, {r0, r1, r2, r3}
 726 0028 9EE80300 		ldm	lr, {r0, r1}
 727 002c 8CE80300 		stm	ip, {r0, r1}
 728 0030 14AB     		add	r3, sp, #80
 729 0032 93E80700 		ldm	r3, {r0, r1, r2}
 730 0036 8DE80700 		stm	sp, {r0, r1, r2}
 731 003a 94E80E00 		ldm	r4, {r1, r2, r3}
 732 003e 2846     		mov	r0, r5
 733 0040 FFF7FEFF 		bl	_ZN6CylGov4initESt5arrayIPVmLj6EES0_IP12GPIO_TypeDefLj6EES0_ItLj6EE
 734              	.LVL41:
 735              	.LBE245:
ARM GAS  /tmp/cckGkCTC.s 			page 22


  14:Application/cylGovernor.cpp **** 
 736              		.loc 1 14 1 view .LVU168
 737 0044 2846     		mov	r0, r5
 738 0046 0DB0     		add	sp, sp, #52
 739              		.cfi_def_cfa_offset 28
 740              		@ sp needed
 741 0048 BDE83040 		pop	{r4, r5, lr}
 742              		.cfi_restore 14
 743              		.cfi_restore 5
 744              		.cfi_restore 4
 745              		.cfi_def_cfa_offset 16
 746              	.LVL42:
  14:Application/cylGovernor.cpp **** 
 747              		.loc 1 14 1 view .LVU169
 748 004c 04B0     		add	sp, sp, #16
 749              		.cfi_def_cfa_offset 0
 750 004e 7047     		bx	lr
 751              		.cfi_endproc
 752              	.LFE2132:
 753              		.fnend
 755              		.global	_ZN6CylGovC1ESt5arrayIPVmLj6EES0_IP12GPIO_TypeDefLj6EES0_ItLj6EE
 756              		.thumb_set _ZN6CylGovC1ESt5arrayIPVmLj6EES0_IP12GPIO_TypeDefLj6EES0_ItLj6EE,_ZN6CylGovC2ESt5arrayI
 757              		.section	.text._ZN6CylGov4initEv,"ax",%progbits
 758              		.align	1
 759              		.global	_ZN6CylGov4initEv
 760              		.syntax unified
 761              		.thumb
 762              		.thumb_func
 764              	_ZN6CylGov4initEv:
 765              		.fnstart
 766              	.LVL43:
 767              	.LFB2134:
  16:Application/cylGovernor.cpp ****     pccrArr6 pccrs;
 768              		.loc 1 16 21 is_stmt 1 view -0
 769              		.cfi_startproc
 770              		@ args = 0, pretend = 0, frame = 64
 771              		@ frame_needed = 0, uses_anonymous_args = 0
  16:Application/cylGovernor.cpp ****     pccrArr6 pccrs;
 772              		.loc 1 16 21 is_stmt 0 view .LVU171
 773 0000 70B5     		push	{r4, r5, r6, lr}
 774              		.save {r4, r5, r6, lr}
 775              		.cfi_def_cfa_offset 16
 776              		.cfi_offset 4, -16
 777              		.cfi_offset 5, -12
 778              		.cfi_offset 6, -8
 779              		.cfi_offset 14, -4
 780              		.pad #112
 781 0002 9CB0     		sub	sp, sp, #112
 782              		.cfi_def_cfa_offset 128
 783 0004 0646     		mov	r6, r0
  17:Application/cylGovernor.cpp ****     portArr6 dirPorts;
 784              		.loc 1 17 5 is_stmt 1 view .LVU172
  18:Application/cylGovernor.cpp ****     pinArr6 dirPins;
 785              		.loc 1 18 5 view .LVU173
  19:Application/cylGovernor.cpp **** 
 786              		.loc 1 19 5 view .LVU174
  21:Application/cylGovernor.cpp ****     dirPorts = direction_ports;
ARM GAS  /tmp/cckGkCTC.s 			page 23


 787              		.loc 1 21 5 view .LVU175
  21:Application/cylGovernor.cpp ****     dirPorts = direction_ports;
 788              		.loc 1 21 11 is_stmt 0 view .LVU176
 789 0006 16AC     		add	r4, sp, #88
 790 0008 184D     		ldr	r5, .L18
 791 000a 0FCD     		ldmia	r5!, {r0, r1, r2, r3}
 792              	.LVL44:
  21:Application/cylGovernor.cpp ****     dirPorts = direction_ports;
 793              		.loc 1 21 11 view .LVU177
 794 000c 0FC4     		stmia	r4!, {r0, r1, r2, r3}
 795 000e 95E80300 		ldm	r5, {r0, r1}
 796 0012 84E80300 		stm	r4, {r0, r1}
  22:Application/cylGovernor.cpp ****     dirPins = direction_pins;
 797              		.loc 1 22 5 is_stmt 1 view .LVU178
  22:Application/cylGovernor.cpp ****     dirPins = direction_pins;
 798              		.loc 1 22 14 is_stmt 0 view .LVU179
 799 0016 0DF1400C 		add	ip, sp, #64
 800 001a 154C     		ldr	r4, .L18+4
 801 001c 0FCC     		ldmia	r4!, {r0, r1, r2, r3}
 802 001e ACE80F00 		stmia	ip!, {r0, r1, r2, r3}
 803 0022 94E80300 		ldm	r4, {r0, r1}
 804 0026 8CE80300 		stm	ip, {r0, r1}
  23:Application/cylGovernor.cpp **** 
 805              		.loc 1 23 5 is_stmt 1 view .LVU180
  23:Application/cylGovernor.cpp **** 
 806              		.loc 1 23 13 is_stmt 0 view .LVU181
 807 002a 124A     		ldr	r2, .L18+8
 808 002c 0DAB     		add	r3, sp, #52
 809 002e 07CA     		ldm	r2, {r0, r1, r2}
 810 0030 83E80700 		stm	r3, {r0, r1, r2}
  25:Application/cylGovernor.cpp **** }
 811              		.loc 1 25 5 is_stmt 1 view .LVU182
  25:Application/cylGovernor.cpp **** }
 812              		.loc 1 25 9 is_stmt 0 view .LVU183
 813 0034 09AC     		add	r4, sp, #36
 814 0036 84E80700 		stm	r4, {r0, r1, r2}
 815 003a 0DF10C0C 		add	ip, sp, #12
 816 003e 0DF1400E 		add	lr, sp, #64
 817 0042 BEE80F00 		ldmia	lr!, {r0, r1, r2, r3}
 818 0046 ACE80F00 		stmia	ip!, {r0, r1, r2, r3}
 819 004a 9EE80300 		ldm	lr, {r0, r1}
 820 004e 8CE80300 		stm	ip, {r0, r1}
 821 0052 1CAB     		add	r3, sp, #112
 822 0054 13E90700 		ldmdb	r3, {r0, r1, r2}
 823 0058 8DE80700 		stm	sp, {r0, r1, r2}
 824 005c 16AB     		add	r3, sp, #88
 825 005e 0ECB     		ldm	r3, {r1, r2, r3}
 826 0060 3046     		mov	r0, r6
 827 0062 FFF7FEFF 		bl	_ZN6CylGov4initESt5arrayIPVmLj6EES0_IP12GPIO_TypeDefLj6EES0_ItLj6EE
 828              	.LVL45:
  26:Application/cylGovernor.cpp **** 
 829              		.loc 1 26 1 view .LVU184
 830 0066 1CB0     		add	sp, sp, #112
 831              		.cfi_def_cfa_offset 16
 832              		@ sp needed
 833 0068 70BD     		pop	{r4, r5, r6, pc}
 834              	.LVL46:
ARM GAS  /tmp/cckGkCTC.s 			page 24


 835              	.L19:
  26:Application/cylGovernor.cpp **** 
 836              		.loc 1 26 1 view .LVU185
 837 006a 00BF     		.align	2
 838              	.L18:
 839 006c 00000000 		.word	_ZL9pccr_defs
 840 0070 00000000 		.word	_ZL15direction_ports
 841 0074 00000000 		.word	_ZL14direction_pins
 842              		.cfi_endproc
 843              	.LFE2134:
 844              		.fnend
 846              		.section	.text._ZN6CylGovC2Ev,"ax",%progbits
 847              		.align	1
 848              		.global	_ZN6CylGovC2Ev
 849              		.syntax unified
 850              		.thumb
 851              		.thumb_func
 853              	_ZN6CylGovC2Ev:
 854              		.fnstart
 855              	.LVL47:
 856              	.LFB2129:
   8:Application/cylGovernor.cpp ****     init();
 857              		.loc 1 8 1 is_stmt 1 view -0
 858              		.cfi_startproc
 859              		@ args = 0, pretend = 0, frame = 0
 860              		@ frame_needed = 0, uses_anonymous_args = 0
   8:Application/cylGovernor.cpp ****     init();
 861              		.loc 1 8 1 is_stmt 0 view .LVU187
 862 0000 10B5     		push	{r4, lr}
 863              		.save {r4, lr}
 864              		.cfi_def_cfa_offset 8
 865              		.cfi_offset 4, -8
 866              		.cfi_offset 14, -4
 867 0002 0446     		mov	r4, r0
 868              	.LBB246:
   9:Application/cylGovernor.cpp **** }
 869              		.loc 1 9 5 is_stmt 1 view .LVU188
   9:Application/cylGovernor.cpp **** }
 870              		.loc 1 9 9 is_stmt 0 view .LVU189
 871 0004 FFF7FEFF 		bl	_ZN6CylGov4initEv
 872              	.LVL48:
   9:Application/cylGovernor.cpp **** }
 873              		.loc 1 9 9 view .LVU190
 874              	.LBE246:
  10:Application/cylGovernor.cpp **** 
 875              		.loc 1 10 1 view .LVU191
 876 0008 2046     		mov	r0, r4
 877 000a 10BD     		pop	{r4, pc}
  10:Application/cylGovernor.cpp **** 
 878              		.loc 1 10 1 view .LVU192
 879              		.cfi_endproc
 880              	.LFE2129:
 881              		.fnend
 883              		.global	_ZN6CylGovC1Ev
 884              		.thumb_set _ZN6CylGovC1Ev,_ZN6CylGovC2Ev
 885              		.section	.text._ZN6CylGov13getDutyCyclesEv,"ax",%progbits
 886              		.align	1
ARM GAS  /tmp/cckGkCTC.s 			page 25


 887              		.global	_ZN6CylGov13getDutyCyclesEv
 888              		.syntax unified
 889              		.thumb
 890              		.thumb_func
 892              	_ZN6CylGov13getDutyCyclesEv:
 893              		.fnstart
 894              	.LVL49:
 895              	.LFB2136:
  34:Application/cylGovernor.cpp ****     fArr6 output;
 896              		.loc 1 34 31 is_stmt 1 view -0
 897              		.cfi_startproc
 898              		@ args = 0, pretend = 0, frame = 0
 899              		@ frame_needed = 0, uses_anonymous_args = 0
  34:Application/cylGovernor.cpp ****     fArr6 output;
 900              		.loc 1 34 31 is_stmt 0 view .LVU194
 901 0000 70B5     		push	{r4, r5, r6, lr}
 902              		.save {r4, r5, r6, lr}
 903              		.cfi_def_cfa_offset 16
 904              		.cfi_offset 4, -16
 905              		.cfi_offset 5, -12
 906              		.cfi_offset 6, -8
 907              		.cfi_offset 14, -4
 908 0002 0546     		mov	r5, r0
 909 0004 0E46     		mov	r6, r1
  35:Application/cylGovernor.cpp ****     for (int i = 0; i < NO_CYLS; i++) {
 910              		.loc 1 35 5 is_stmt 1 view .LVU195
  36:Application/cylGovernor.cpp ****         output[i] = cylinders[i]->getDutyCycle();
 911              		.loc 1 36 5 view .LVU196
 912              	.LVL50:
 913              	.LBB247:
  36:Application/cylGovernor.cpp ****         output[i] = cylinders[i]->getDutyCycle();
 914              		.loc 1 36 14 is_stmt 0 view .LVU197
 915 0006 0024     		movs	r4, #0
  36:Application/cylGovernor.cpp ****         output[i] = cylinders[i]->getDutyCycle();
 916              		.loc 1 36 5 view .LVU198
 917 0008 08E0     		b	.L23
 918              	.LVL51:
 919              	.L24:
  37:Application/cylGovernor.cpp ****     }
 920              		.loc 1 37 9 is_stmt 1 view .LVU199
 921              	.LBB248:
 922              	.LBI248:
 923              		.loc 3 200 7 view .LVU200
 924              		.loc 3 200 7 is_stmt 0 view .LVU201
 925              	.LBE248:
  37:Application/cylGovernor.cpp ****     }
 926              		.loc 1 37 47 discriminator 1 view .LVU202
 927 000a 56F82400 		ldr	r0, [r6, r4, lsl #2]
 928 000e FFF7FEFF 		bl	_ZN13CylCtrlInterf12getDutyCycleEv
 929              	.LVL52:
 930              	.LBB249:
 931              	.LBI249:
 932              		.loc 3 200 7 is_stmt 1 view .LVU203
 933              		.loc 3 200 7 is_stmt 0 view .LVU204
 934              	.LBE249:
  37:Application/cylGovernor.cpp ****     }
 935              		.loc 1 37 19 discriminator 3 view .LVU205
ARM GAS  /tmp/cckGkCTC.s 			page 26


 936 0012 05EB8403 		add	r3, r5, r4, lsl #2
 937 0016 83ED000A 		vstr.32	s0, [r3]
  36:Application/cylGovernor.cpp ****         output[i] = cylinders[i]->getDutyCycle();
 938              		.loc 1 36 5 is_stmt 1 discriminator 3 view .LVU206
 939 001a 0134     		adds	r4, r4, #1
 940              	.LVL53:
 941              	.L23:
  36:Application/cylGovernor.cpp ****         output[i] = cylinders[i]->getDutyCycle();
 942              		.loc 1 36 23 discriminator 1 view .LVU207
 943 001c 052C     		cmp	r4, #5
 944 001e F4DD     		ble	.L24
 945              	.LBE247:
  39:Application/cylGovernor.cpp **** }
 946              		.loc 1 39 5 view .LVU208
  40:Application/cylGovernor.cpp **** void CylGov::setDutyCycles(const fArr6 &dutyCycles) {
 947              		.loc 1 40 1 is_stmt 0 view .LVU209
 948 0020 2846     		mov	r0, r5
 949 0022 70BD     		pop	{r4, r5, r6, pc}
  40:Application/cylGovernor.cpp **** void CylGov::setDutyCycles(const fArr6 &dutyCycles) {
 950              		.loc 1 40 1 view .LVU210
 951              		.cfi_endproc
 952              	.LFE2136:
 953              		.fnend
 955              		.section	.text._ZN6CylGov13setDutyCyclesERKSt5arrayIfLj6EE,"ax",%progbits
 956              		.align	1
 957              		.global	_ZN6CylGov13setDutyCyclesERKSt5arrayIfLj6EE
 958              		.syntax unified
 959              		.thumb
 960              		.thumb_func
 962              	_ZN6CylGov13setDutyCyclesERKSt5arrayIfLj6EE:
 963              		.fnstart
 964              	.LVL54:
 965              	.LFB2137:
  41:Application/cylGovernor.cpp ****     for (int i = 0; i < NO_CYLS; i++) {
 966              		.loc 1 41 53 is_stmt 1 view -0
 967              		.cfi_startproc
 968              		@ args = 0, pretend = 0, frame = 0
 969              		@ frame_needed = 0, uses_anonymous_args = 0
  41:Application/cylGovernor.cpp ****     for (int i = 0; i < NO_CYLS; i++) {
 970              		.loc 1 41 53 is_stmt 0 view .LVU212
 971 0000 70B5     		push	{r4, r5, r6, lr}
 972              		.save {r4, r5, r6, lr}
 973              		.cfi_def_cfa_offset 16
 974              		.cfi_offset 4, -16
 975              		.cfi_offset 5, -12
 976              		.cfi_offset 6, -8
 977              		.cfi_offset 14, -4
 978 0002 0646     		mov	r6, r0
 979 0004 0D46     		mov	r5, r1
  42:Application/cylGovernor.cpp ****         cylinders[i]->setDutyCycle(dutyCycles[i]);
 980              		.loc 1 42 5 is_stmt 1 view .LVU213
 981              	.LVL55:
 982              	.LBB250:
  42:Application/cylGovernor.cpp ****         cylinders[i]->setDutyCycle(dutyCycles[i]);
 983              		.loc 1 42 14 is_stmt 0 view .LVU214
 984 0006 0024     		movs	r4, #0
  42:Application/cylGovernor.cpp ****         cylinders[i]->setDutyCycle(dutyCycles[i]);
ARM GAS  /tmp/cckGkCTC.s 			page 27


 985              		.loc 1 42 5 view .LVU215
 986 0008 06E0     		b	.L27
 987              	.LVL56:
 988              	.L28:
  43:Application/cylGovernor.cpp ****     }
 989              		.loc 1 43 9 is_stmt 1 view .LVU216
 990              	.LBB251:
 991              	.LBI251:
 992              		.loc 3 200 7 view .LVU217
 993              		.loc 3 200 7 is_stmt 0 view .LVU218
 994              	.LBE251:
 995              	.LBB252:
 996              	.LBI252:
 201:/usr/arm-none-eabi/include/c++/13.2.0/array ****       {
 202:/usr/arm-none-eabi/include/c++/13.2.0/array **** 	__glibcxx_requires_subscript(__n);
 203:/usr/arm-none-eabi/include/c++/13.2.0/array **** 	return _M_elems[__n];
 204:/usr/arm-none-eabi/include/c++/13.2.0/array ****       }
 205:/usr/arm-none-eabi/include/c++/13.2.0/array **** 
 206:/usr/arm-none-eabi/include/c++/13.2.0/array ****       [[__nodiscard__]]
 207:/usr/arm-none-eabi/include/c++/13.2.0/array ****       constexpr const_reference
 208:/usr/arm-none-eabi/include/c++/13.2.0/array ****       operator[](size_type __n) const noexcept
 997              		.loc 3 208 7 is_stmt 1 view .LVU219
 998              		.loc 3 208 7 is_stmt 0 view .LVU220
 999              	.LBE252:
  43:Application/cylGovernor.cpp ****     }
 1000              		.loc 1 43 35 discriminator 2 view .LVU221
 1001 000a 05EB8401 		add	r1, r5, r4, lsl #2
 1002 000e 56F82400 		ldr	r0, [r6, r4, lsl #2]
 1003 0012 FFF7FEFF 		bl	_ZN13CylCtrlInterf12setDutyCycleERKf
 1004              	.LVL57:
  42:Application/cylGovernor.cpp ****         cylinders[i]->setDutyCycle(dutyCycles[i]);
 1005              		.loc 1 42 5 is_stmt 1 discriminator 3 view .LVU222
 1006 0016 0134     		adds	r4, r4, #1
 1007              	.LVL58:
 1008              	.L27:
  42:Application/cylGovernor.cpp ****         cylinders[i]->setDutyCycle(dutyCycles[i]);
 1009              		.loc 1 42 23 discriminator 1 view .LVU223
 1010 0018 052C     		cmp	r4, #5
 1011 001a F6DD     		ble	.L28
 1012              	.LBE250:
 1013              		.loc 1 45 1 is_stmt 0 view .LVU224
 1014 001c 70BD     		pop	{r4, r5, r6, pc}
 1015              		.loc 1 45 1 view .LVU225
 1016              		.cfi_endproc
 1017              	.LFE2137:
 1018              		.fnend
 1020              		.section	.text._GLOBAL__sub_I__ZN6CylGovC2Ev,"ax",%progbits
 1021              		.align	1
 1022              		.syntax unified
 1023              		.thumb
 1024              		.thumb_func
 1026              	_GLOBAL__sub_I__ZN6CylGovC2Ev:
 1027              		.fnstart
 1028              	.LFB2664:
 1029              		.loc 1 45 1 is_stmt 1 view -0
 1030              		.cfi_startproc
 1031              		@ args = 0, pretend = 0, frame = 0
ARM GAS  /tmp/cckGkCTC.s 			page 28


 1032              		@ frame_needed = 0, uses_anonymous_args = 0
 1033 0000 08B5     		push	{r3, lr}
 1034              		.cfi_def_cfa_offset 8
 1035              		.cfi_offset 3, -8
 1036              		.cfi_offset 14, -4
 1037              		.loc 1 45 1 is_stmt 0 view .LVU227
 1038 0002 FFF7FEFF 		bl	_Z41__static_initialization_and_destruction_0v
 1039              	.LVL59:
 1040 0006 08BD     		pop	{r3, pc}
 1041              		.cfi_endproc
 1042              	.LFE2664:
 1043              		.cantunwind
 1044              		.fnend
 1046              		.section	.init_array,"aw",%init_array
 1047              		.align	2
 1048 0000 00000000 		.word	_GLOBAL__sub_I__ZN6CylGovC2Ev(target1)
 1049              		.section	.rodata._ZL9pccr_defs,"a"
 1050              		.align	2
 1053              	_ZL9pccr_defs:
 1054 0000 34000140 		.word	1073807412
 1055 0004 38000140 		.word	1073807416
 1056 0008 3C000140 		.word	1073807420
 1057 000c 40000140 		.word	1073807424
 1058 0010 34040140 		.word	1073808436
 1059 0014 38040140 		.word	1073808440
 1060              		.section	.rodata._ZL15direction_ports,"a"
 1061              		.align	2
 1064              	_ZL15direction_ports:
 1065 0000 00080240 		.word	1073874944
 1066 0004 00080240 		.word	1073874944
 1067 0008 00080240 		.word	1073874944
 1068 000c 00080240 		.word	1073874944
 1069 0010 00080240 		.word	1073874944
 1070 0014 00080240 		.word	1073874944
 1071              		.section	.rodata._ZL14direction_pins,"a"
 1072              		.align	2
 1075              	_ZL14direction_pins:
 1076 0000 0100     		.short	1
 1077 0002 0200     		.short	2
 1078 0004 0400     		.short	4
 1079 0006 0800     		.short	8
 1080 0008 1000     		.short	16
 1081 000a 2000     		.short	32
 1082              		.section	.bss._ZL19ROTATION_COMPONENTS,"aw",%nobits
 1083              		.align	2
 1086              	_ZL19ROTATION_COMPONENTS:
 1087 0000 00000000 		.space	27
 1087      00000000 
 1087      00000000 
 1087      00000000 
 1087      00000000 
 1088              		.section	.bss._ZL10ROTATION_Z,"aw",%nobits
 1089              		.align	2
 1092              	_ZL10ROTATION_Z:
 1093 0000 00000000 		.space	9
 1093      00000000 
 1093      00
ARM GAS  /tmp/cckGkCTC.s 			page 29


 1094              		.section	.bss._ZL10ROTATION_Y,"aw",%nobits
 1095              		.align	2
 1098              	_ZL10ROTATION_Y:
 1099 0000 00000000 		.space	9
 1099      00000000 
 1099      00
 1100              		.section	.bss._ZL10ROTATION_X,"aw",%nobits
 1101              		.align	2
 1104              	_ZL10ROTATION_X:
 1105 0000 00000000 		.space	9
 1105      00000000 
 1105      00
 1106              		.text
 1107              	.Letext0:
 1108              		.file 4 "/usr/arm-none-eabi/include/c++/13.2.0/type_traits"
 1109              		.file 5 "/usr/arm-none-eabi/include/c++/13.2.0/debug/debug.h"
 1110              		.file 6 "/usr/arm-none-eabi/include/c++/13.2.0/cstdint"
 1111              		.file 7 "/usr/arm-none-eabi/include/c++/13.2.0/cwchar"
 1112              		.file 8 "/usr/arm-none-eabi/include/c++/13.2.0/bits/exception_ptr.h"
 1113              		.file 9 "/usr/arm-none-eabi/include/c++/13.2.0/arm-none-eabi/thumb/v7e-m+fp/hard/bits/c++config.h"
 1114              		.file 10 "/usr/arm-none-eabi/include/c++/13.2.0/clocale"
 1115              		.file 11 "/usr/arm-none-eabi/include/c++/13.2.0/cstdlib"
 1116              		.file 12 "/usr/arm-none-eabi/include/c++/13.2.0/cstdio"
 1117              		.file 13 "/usr/arm-none-eabi/include/c++/13.2.0/cstddef"
 1118              		.file 14 "/usr/arm-none-eabi/include/c++/13.2.0/cwctype"
 1119              		.file 15 "/usr/arm-none-eabi/include/c++/13.2.0/bits/charconv.h"
 1120              		.file 16 "/usr/arm-none-eabi/include/c++/13.2.0/bits/predefined_ops.h"
 1121              		.file 17 "/usr/arm-none-eabi/include/machine/_default_types.h"
 1122              		.file 18 "/usr/arm-none-eabi/include/sys/_stdint.h"
 1123              		.file 19 "/usr/arm-none-eabi/include/stdint.h"
 1124              		.file 20 "/usr/lib/gcc/arm-none-eabi/13.2.0/include/stddef.h"
 1125              		.file 21 "/usr/arm-none-eabi/include/sys/_types.h"
 1126              		.file 22 "/usr/arm-none-eabi/include/sys/reent.h"
 1127              		.file 23 "/usr/arm-none-eabi/include/sys/lock.h"
 1128              		.file 24 "/usr/lib/gcc/arm-none-eabi/13.2.0/include/stdarg.h"
 1129              		.file 25 "/usr/arm-none-eabi/include/wchar.h"
 1130              		.file 26 "/usr/arm-none-eabi/include/locale.h"
 1131              		.file 27 "/usr/arm-none-eabi/include/stdlib.h"
 1132              		.file 28 "/usr/arm-none-eabi/include/stdio.h"
 1133              		.file 29 "/usr/arm-none-eabi/include/wctype.h"
 1134              		.file 30 "Drivers/CMSIS/Device/ST/STM32F4xx/Include/stm32f446xx.h"
 1135              		.file 31 "Drivers/CMSIS/Device/ST/STM32F4xx/Include/stm32f4xx.h"
 1136              		.file 32 "Drivers/STM32F4xx_HAL_Driver/Inc/stm32f4xx_hal_gpio.h"
 1137              		.file 33 "Drivers/STM32F4xx_HAL_Driver/Inc/stm32f4xx_hal.h"
 1138              		.file 34 "Intermediate/include/CylCtrlInterf.h"
 1139              		.file 35 "Core/Inc/pins.h"
 1140              		.file 36 "Application/Include/cylGovernor.h"
 1141              		.file 37 "/usr/arm-none-eabi/include/c++/13.2.0/new"
 1142              		.file 38 "/usr/arm-none-eabi/include/c++/13.2.0/bits/memory_resource.h"
 1143              		.file 39 "/usr/arm-none-eabi/include/c++/13.2.0/system_error"
 1144              		.file 40 "<built-in>"
ARM GAS  /tmp/cckGkCTC.s 			page 30


DEFINED SYMBOLS
                            *ABS*:00000000 cylGovernor.cpp
     /tmp/cckGkCTC.s:21     .text._Z41__static_initialization_and_destruction_0v:00000000 $t
     /tmp/cckGkCTC.s:26     .text._Z41__static_initialization_and_destruction_0v:00000000 _Z41__static_initialization_and_destruction_0v
     /tmp/cckGkCTC.s:528    .text._Z41__static_initialization_and_destruction_0v:00000084 $d
     /tmp/cckGkCTC.s:1104   .bss._ZL10ROTATION_X:00000000 _ZL10ROTATION_X
     /tmp/cckGkCTC.s:1098   .bss._ZL10ROTATION_Y:00000000 _ZL10ROTATION_Y
     /tmp/cckGkCTC.s:1092   .bss._ZL10ROTATION_Z:00000000 _ZL10ROTATION_Z
     /tmp/cckGkCTC.s:1086   .bss._ZL19ROTATION_COMPONENTS:00000000 _ZL19ROTATION_COMPONENTS
.ARM.exidx.text._Z41__static_initialization_and_destruction_0v:00000000 $d
     /tmp/cckGkCTC.s:538    .text._ZN6CylGov4initESt5arrayIPVmLj6EES0_IP12GPIO_TypeDefLj6EES0_ItLj6EE:00000000 $t
     /tmp/cckGkCTC.s:544    .text._ZN6CylGov4initESt5arrayIPVmLj6EES0_IP12GPIO_TypeDefLj6EES0_ItLj6EE:00000000 _ZN6CylGov4initESt5arrayIPVmLj6EES0_IP12GPIO_TypeDefLj6EES0_ItLj6EE
.ARM.extab.text._ZN6CylGov4initESt5arrayIPVmLj6EES0_IP12GPIO_TypeDefLj6EES0_ItLj6EE:00000000 $d
.ARM.exidx.text._ZN6CylGov4initESt5arrayIPVmLj6EES0_IP12GPIO_TypeDefLj6EES0_ItLj6EE:00000000 $d
     /tmp/cckGkCTC.s:683    .text._ZN6CylGovC2ESt5arrayIPVmLj6EES0_IP12GPIO_TypeDefLj6EES0_ItLj6EE:00000000 $t
     /tmp/cckGkCTC.s:689    .text._ZN6CylGovC2ESt5arrayIPVmLj6EES0_IP12GPIO_TypeDefLj6EES0_ItLj6EE:00000000 _ZN6CylGovC2ESt5arrayIPVmLj6EES0_IP12GPIO_TypeDefLj6EES0_ItLj6EE
.ARM.exidx.text._ZN6CylGovC2ESt5arrayIPVmLj6EES0_IP12GPIO_TypeDefLj6EES0_ItLj6EE:00000000 $d
     /tmp/cckGkCTC.s:689    .text._ZN6CylGovC2ESt5arrayIPVmLj6EES0_IP12GPIO_TypeDefLj6EES0_ItLj6EE:00000000 _ZN6CylGovC1ESt5arrayIPVmLj6EES0_IP12GPIO_TypeDefLj6EES0_ItLj6EE
     /tmp/cckGkCTC.s:758    .text._ZN6CylGov4initEv:00000000 $t
     /tmp/cckGkCTC.s:764    .text._ZN6CylGov4initEv:00000000 _ZN6CylGov4initEv
     /tmp/cckGkCTC.s:839    .text._ZN6CylGov4initEv:0000006c $d
     /tmp/cckGkCTC.s:1053   .rodata._ZL9pccr_defs:00000000 _ZL9pccr_defs
     /tmp/cckGkCTC.s:1064   .rodata._ZL15direction_ports:00000000 _ZL15direction_ports
     /tmp/cckGkCTC.s:1075   .rodata._ZL14direction_pins:00000000 _ZL14direction_pins
.ARM.exidx.text._ZN6CylGov4initEv:00000000 $d
     /tmp/cckGkCTC.s:847    .text._ZN6CylGovC2Ev:00000000 $t
     /tmp/cckGkCTC.s:853    .text._ZN6CylGovC2Ev:00000000 _ZN6CylGovC2Ev
   .ARM.exidx.text._ZN6CylGovC2Ev:00000000 $d
     /tmp/cckGkCTC.s:853    .text._ZN6CylGovC2Ev:00000000 _ZN6CylGovC1Ev
     /tmp/cckGkCTC.s:886    .text._ZN6CylGov13getDutyCyclesEv:00000000 $t
     /tmp/cckGkCTC.s:892    .text._ZN6CylGov13getDutyCyclesEv:00000000 _ZN6CylGov13getDutyCyclesEv
.ARM.exidx.text._ZN6CylGov13getDutyCyclesEv:00000000 $d
     /tmp/cckGkCTC.s:956    .text._ZN6CylGov13setDutyCyclesERKSt5arrayIfLj6EE:00000000 $t
     /tmp/cckGkCTC.s:962    .text._ZN6CylGov13setDutyCyclesERKSt5arrayIfLj6EE:00000000 _ZN6CylGov13setDutyCyclesERKSt5arrayIfLj6EE
.ARM.exidx.text._ZN6CylGov13setDutyCyclesERKSt5arrayIfLj6EE:00000000 $d
     /tmp/cckGkCTC.s:1021   .text._GLOBAL__sub_I__ZN6CylGovC2Ev:00000000 $t
     /tmp/cckGkCTC.s:1026   .text._GLOBAL__sub_I__ZN6CylGovC2Ev:00000000 _GLOBAL__sub_I__ZN6CylGovC2Ev
.ARM.exidx.text._GLOBAL__sub_I__ZN6CylGovC2Ev:00000000 $d
     /tmp/cckGkCTC.s:1047   .init_array:00000000 $d
     /tmp/cckGkCTC.s:1050   .rodata._ZL9pccr_defs:00000000 $d
     /tmp/cckGkCTC.s:1061   .rodata._ZL15direction_ports:00000000 $d
     /tmp/cckGkCTC.s:1072   .rodata._ZL14direction_pins:00000000 $d
     /tmp/cckGkCTC.s:1083   .bss._ZL19ROTATION_COMPONENTS:00000000 $d
     /tmp/cckGkCTC.s:1089   .bss._ZL10ROTATION_Z:00000000 $d
     /tmp/cckGkCTC.s:1095   .bss._ZL10ROTATION_Y:00000000 $d
     /tmp/cckGkCTC.s:1101   .bss._ZL10ROTATION_X:00000000 $d

UNDEFINED SYMBOLS
_Znwj
_ZN13CylCtrlInterfC1ERVmP12GPIO_TypeDeft
_ZdlPvj
__cxa_end_cleanup
__gxx_personality_v0
__aeabi_unwind_cpp_pr0
_ZN13CylCtrlInterf12getDutyCycleEv
_ZN13CylCtrlInterf12setDutyCycleERKf
